This file contains any messages produced by compilers while
running configure, to aid debugging if configure makes a mistake.

It was created by KaStORS configure 1.1, which was
generated by GNU Autoconf 2.69.  Invocation command line was

  $ ./configure 

## --------- ##
## Platform. ##
## --------- ##

hostname = thing00.ftm.alcf.anl.gov
uname -m = x86_64
uname -r = 3.10.0-327.el7.x86_64
uname -s = Linux
uname -v = #1 SMP Thu Oct 29 17:29:29 EDT 2015

/usr/bin/uname -p = x86_64
/bin/uname -X     = unknown

/bin/arch              = x86_64
/usr/bin/arch -k       = unknown
/usr/convex/getsysinfo = unknown
/usr/bin/hostinfo      = unknown
/bin/machine           = unknown
/usr/bin/oslevel       = unknown
/bin/universe          = unknown

PATH: /home/adcastel/opt/gcc-5-1-0/bin
PATH: /soft/compilers/pgi/linux86-64/2014/bin
PATH: /soft/compilers/intel/bin/
PATH: /soft/compilers/cuda-6.5.14/bin
PATH: /usr/local/bin
PATH: /usr/bin
PATH: /usr/local/sbin
PATH: /usr/sbin
PATH: /opt/ibutils/bin
PATH: /home/adcastel/bin


## ----------- ##
## Core tests. ##
## ----------- ##

configure:2164: checking build system type
configure:2178: result: x86_64-unknown-linux-gnu
configure:2198: checking host system type
configure:2211: result: x86_64-unknown-linux-gnu
configure:2231: checking target system type
configure:2244: result: x86_64-unknown-linux-gnu
configure:2290: checking for a BSD-compatible install
configure:2358: result: /usr/bin/install -c
configure:2369: checking whether build environment is sane
configure:2424: result: yes
configure:2575: checking for a thread-safe mkdir -p
configure:2614: result: /usr/bin/mkdir -p
configure:2621: checking for gawk
configure:2637: found /usr/bin/gawk
configure:2648: result: gawk
configure:2659: checking whether make sets $(MAKE)
configure:2681: result: yes
configure:2710: checking whether make supports nested variables
configure:2727: result: yes
configure:2806: checking how to create a pax tar archive
configure:2817: tar --version
tar (GNU tar) 1.26
Copyright (C) 2011 Free Software Foundation, Inc.
License GPLv3+: GNU GPL version 3 or later <http://gnu.org/licenses/gpl.html>.
This is free software: you are free to change and redistribute it.
There is NO WARRANTY, to the extent permitted by law.

Written by John Gilmore and Jay Fenlason.
configure:2820: $? = 0
configure:2860: tardir=conftest.dir && eval tar --format=posix -chf - "$tardir" >conftest.tar
configure:2863: $? = 0
configure:2867: tar -xf - <conftest.tar
configure:2870: $? = 0
configure:2872: cat conftest.dir/file
GrepMe
configure:2875: $? = 0
configure:2888: result: gnutar
configure:2994: checking for gcc
configure:3010: found /home/adcastel/opt/gcc-5-1-0/bin/gcc
configure:3021: result: gcc
configure:3052: checking for C compiler version
configure:3061: gcc --version >&5
gcc (GCC) 5.1.0
Copyright (C) 2015 Free Software Foundation, Inc.
This is free software; see the source for copying conditions.  There is NO
warranty; not even for MERCHANTABILITY or FITNESS FOR A PARTICULAR PURPOSE.

configure:3072: $? = 0
configure:3061: gcc -v >&5
Using built-in specs.
COLLECT_GCC=gcc
COLLECT_LTO_WRAPPER=/home/adcastel/opt/gcc-5-1-0/libexec/gcc/x86_64-unknown-linux-gnu/5.1.0/lto-wrapper
Target: x86_64-unknown-linux-gnu
Configured with: ./configure --prefix=/home/adcastel/opt/gcc-5-1-0 --with-gmp=/home/adcastel/opt/gmp-4-3-2/ --with-mpfr=/home/adcastel/opt/mpfr-2-4-2 --with-mpc=/home/adcastel/opt/mpc-0-8-1 --disable-multilib
Thread model: posix
gcc version 5.1.0 (GCC) 
configure:3072: $? = 0
configure:3061: gcc -V >&5
gcc: error: unrecognized command line option '-V'
gcc: fatal error: no input files
compilation terminated.
configure:3072: $? = 1
configure:3061: gcc -qversion >&5
gcc: error: unrecognized command line option '-qversion'
gcc: fatal error: no input files
compilation terminated.
configure:3072: $? = 1
configure:3092: checking whether the C compiler works
configure:3114: gcc    conftest.c  >&5
configure:3118: $? = 0
configure:3166: result: yes
configure:3169: checking for C compiler default output file name
configure:3171: result: a.out
configure:3177: checking for suffix of executables
configure:3184: gcc -o conftest    conftest.c  >&5
configure:3188: $? = 0
configure:3210: result: 
configure:3232: checking whether we are cross compiling
configure:3240: gcc -o conftest    conftest.c  >&5
configure:3244: $? = 0
configure:3251: ./conftest
configure:3255: $? = 0
configure:3270: result: no
configure:3275: checking for suffix of object files
configure:3297: gcc -c   conftest.c >&5
configure:3301: $? = 0
configure:3322: result: o
configure:3326: checking whether we are using the GNU C compiler
configure:3345: gcc -c   conftest.c >&5
configure:3345: $? = 0
configure:3354: result: yes
configure:3363: checking whether gcc accepts -g
configure:3383: gcc -c -g  conftest.c >&5
configure:3383: $? = 0
configure:3424: result: yes
configure:3441: checking for gcc option to accept ISO C89
configure:3504: gcc  -c -g -O2  conftest.c >&5
configure:3504: $? = 0
configure:3517: result: none needed
configure:3542: checking whether gcc understands -c and -o together
configure:3564: gcc -c conftest.c -o conftest2.o
configure:3567: $? = 0
configure:3564: gcc -c conftest.c -o conftest2.o
configure:3567: $? = 0
configure:3579: result: yes
configure:3607: checking for style of include used by make
configure:3635: result: GNU
configure:3661: checking dependency style of gcc
configure:3772: result: gcc3
configure:3787: checking for gcc option to accept ISO C99
configure:3936: gcc  -c -g -O2  conftest.c >&5
configure:3936: $? = 0
configure:3949: result: none needed
configure:4007: checking for ranlib
configure:4023: found /usr/bin/ranlib
configure:4034: result: ranlib
configure:4076: checking for gcc option to support OpenMP
configure:4091: gcc -o conftest -g -O2   conftest.c  >&5
conftest.c:13:2: error: unknown type name 'choke'
  choke me
  ^
In file included from conftest.c:15:0:
/home/adcastel/opt/gcc-5-1-0/lib/gcc/x86_64-unknown-linux-gnu/5.1.0/include/omp.h:35:1: error: expected '=', ',', ';', 'asm' or '__attribute__' before 'typedef'
 typedef struct
 ^
configure:4091: $? = 1
configure: failed program was:
| /* confdefs.h */
| #define PACKAGE_NAME "KaStORS"
| #define PACKAGE_TARNAME "kastors"
| #define PACKAGE_VERSION "1.1"
| #define PACKAGE_STRING "KaStORS 1.1"
| #define PACKAGE_BUGREPORT "kastors-user@lists.gforge.inria.fr"
| #define PACKAGE_URL ""
| #define PACKAGE "kastors"
| #define VERSION "1.1"
| /* end confdefs.h.  */
| 
| #ifndef _OPENMP
|  choke me
| #endif
| #include <omp.h>
| int main () { return omp_get_num_threads (); }
| 
configure:4109: gcc -o conftest -g -O2 -fopenmp   conftest.c  >&5
configure:4109: $? = 0
configure:4123: result: -fopenmp
configure:4141: checking for gcc to support OpenMP task dependencies
configure:4155: gcc -c -g -O2 -fopenmp  conftest.c >&5
configure:4155: $? = 0
configure:4165: result: yes
configure:4223: checking for sqrt in -lm
configure:4248: gcc -o conftest -g -O2 -O2 -g   conftest.c -lm   >&5
conftest.c:18:6: warning: conflicting types for built-in function 'sqrt'
 char sqrt ();
      ^
configure:4248: $? = 0
configure:4257: result: yes
configure:4282: checking for clock_gettime in -lrt
configure:4307: gcc -o conftest -g -O2 -O2 -g   conftest.c -lrt  -lm  >&5
configure:4307: $? = 0
configure:4316: result: yes
configure:4430: checking how to run the C preprocessor
configure:4461: gcc -E   conftest.c
configure:4461: $? = 0
configure:4475: gcc -E   conftest.c
conftest.c:13:28: fatal error: ac_nonexistent.h: No such file or directory
compilation terminated.
configure:4475: $? = 1
configure: failed program was:
| /* confdefs.h */
| #define PACKAGE_NAME "KaStORS"
| #define PACKAGE_TARNAME "kastors"
| #define PACKAGE_VERSION "1.1"
| #define PACKAGE_STRING "KaStORS 1.1"
| #define PACKAGE_BUGREPORT "kastors-user@lists.gforge.inria.fr"
| #define PACKAGE_URL ""
| #define PACKAGE "kastors"
| #define VERSION "1.1"
| #define HAVE_LIBM 1
| #define HAVE_LIBRT 1
| /* end confdefs.h.  */
| #include <ac_nonexistent.h>
configure:4500: result: gcc -E
configure:4520: gcc -E   conftest.c
configure:4520: $? = 0
configure:4534: gcc -E   conftest.c
conftest.c:13:28: fatal error: ac_nonexistent.h: No such file or directory
compilation terminated.
configure:4534: $? = 1
configure: failed program was:
| /* confdefs.h */
| #define PACKAGE_NAME "KaStORS"
| #define PACKAGE_TARNAME "kastors"
| #define PACKAGE_VERSION "1.1"
| #define PACKAGE_STRING "KaStORS 1.1"
| #define PACKAGE_BUGREPORT "kastors-user@lists.gforge.inria.fr"
| #define PACKAGE_URL ""
| #define PACKAGE "kastors"
| #define VERSION "1.1"
| #define HAVE_LIBM 1
| #define HAVE_LIBRT 1
| /* end confdefs.h.  */
| #include <ac_nonexistent.h>
configure:4563: checking for grep that handles long lines and -e
configure:4621: result: /usr/bin/grep
configure:4626: checking for egrep
configure:4688: result: /usr/bin/grep -E
configure:4693: checking for ANSI C header files
configure:4713: gcc -c -g -O2 -O2 -g   conftest.c >&5
configure:4713: $? = 0
configure:4786: gcc -o conftest -g -O2 -O2 -g     conftest.c -lrt -lm  >&5
configure:4786: $? = 0
configure:4786: ./conftest
configure:4786: $? = 0
configure:4797: result: yes
configure:4810: checking for sys/types.h
configure:4810: gcc -c -g -O2 -O2 -g   conftest.c >&5
configure:4810: $? = 0
configure:4810: result: yes
configure:4810: checking for sys/stat.h
configure:4810: gcc -c -g -O2 -O2 -g   conftest.c >&5
configure:4810: $? = 0
configure:4810: result: yes
configure:4810: checking for stdlib.h
configure:4810: gcc -c -g -O2 -O2 -g   conftest.c >&5
configure:4810: $? = 0
configure:4810: result: yes
configure:4810: checking for string.h
configure:4810: gcc -c -g -O2 -O2 -g   conftest.c >&5
configure:4810: $? = 0
configure:4810: result: yes
configure:4810: checking for memory.h
configure:4810: gcc -c -g -O2 -O2 -g   conftest.c >&5
configure:4810: $? = 0
configure:4810: result: yes
configure:4810: checking for strings.h
configure:4810: gcc -c -g -O2 -O2 -g   conftest.c >&5
configure:4810: $? = 0
configure:4810: result: yes
configure:4810: checking for inttypes.h
configure:4810: gcc -c -g -O2 -O2 -g   conftest.c >&5
configure:4810: $? = 0
configure:4810: result: yes
configure:4810: checking for stdint.h
configure:4810: gcc -c -g -O2 -O2 -g   conftest.c >&5
configure:4810: $? = 0
configure:4810: result: yes
configure:4810: checking for unistd.h
configure:4810: gcc -c -g -O2 -O2 -g   conftest.c >&5
configure:4810: $? = 0
configure:4810: result: yes
configure:4825: WARNING: No blas library are provided, please look at README for more information.
configure:5107: checking for blas
configure:5109: result: no
configure:5114: checking lapacke.h usability
configure:5114: gcc -c -g -O2 -O2 -g   conftest.c >&5
conftest.c:56:21: fatal error: lapacke.h: No such file or directory
compilation terminated.
configure:5114: $? = 1
configure: failed program was:
| /* confdefs.h */
| #define PACKAGE_NAME "KaStORS"
| #define PACKAGE_TARNAME "kastors"
| #define PACKAGE_VERSION "1.1"
| #define PACKAGE_STRING "KaStORS 1.1"
| #define PACKAGE_BUGREPORT "kastors-user@lists.gforge.inria.fr"
| #define PACKAGE_URL ""
| #define PACKAGE "kastors"
| #define VERSION "1.1"
| #define HAVE_LIBM 1
| #define HAVE_LIBRT 1
| #define STDC_HEADERS 1
| #define HAVE_SYS_TYPES_H 1
| #define HAVE_SYS_STAT_H 1
| #define HAVE_STDLIB_H 1
| #define HAVE_STRING_H 1
| #define HAVE_MEMORY_H 1
| #define HAVE_STRINGS_H 1
| #define HAVE_INTTYPES_H 1
| #define HAVE_STDINT_H 1
| #define HAVE_UNISTD_H 1
| /* end confdefs.h.  */
| #include <stdio.h>
| #ifdef HAVE_SYS_TYPES_H
| # include <sys/types.h>
| #endif
| #ifdef HAVE_SYS_STAT_H
| # include <sys/stat.h>
| #endif
| #ifdef STDC_HEADERS
| # include <stdlib.h>
| # include <stddef.h>
| #else
| # ifdef HAVE_STDLIB_H
| #  include <stdlib.h>
| # endif
| #endif
| #ifdef HAVE_STRING_H
| # if !defined STDC_HEADERS && defined HAVE_MEMORY_H
| #  include <memory.h>
| # endif
| # include <string.h>
| #endif
| #ifdef HAVE_STRINGS_H
| # include <strings.h>
| #endif
| #ifdef HAVE_INTTYPES_H
| # include <inttypes.h>
| #endif
| #ifdef HAVE_STDINT_H
| # include <stdint.h>
| #endif
| #ifdef HAVE_UNISTD_H
| # include <unistd.h>
| #endif
| #include <lapacke.h>
configure:5114: result: no
configure:5114: checking lapacke.h presence
configure:5114: gcc -E   conftest.c
conftest.c:23:21: fatal error: lapacke.h: No such file or directory
compilation terminated.
configure:5114: $? = 1
configure: failed program was:
| /* confdefs.h */
| #define PACKAGE_NAME "KaStORS"
| #define PACKAGE_TARNAME "kastors"
| #define PACKAGE_VERSION "1.1"
| #define PACKAGE_STRING "KaStORS 1.1"
| #define PACKAGE_BUGREPORT "kastors-user@lists.gforge.inria.fr"
| #define PACKAGE_URL ""
| #define PACKAGE "kastors"
| #define VERSION "1.1"
| #define HAVE_LIBM 1
| #define HAVE_LIBRT 1
| #define STDC_HEADERS 1
| #define HAVE_SYS_TYPES_H 1
| #define HAVE_SYS_STAT_H 1
| #define HAVE_STDLIB_H 1
| #define HAVE_STRING_H 1
| #define HAVE_MEMORY_H 1
| #define HAVE_STRINGS_H 1
| #define HAVE_INTTYPES_H 1
| #define HAVE_STDINT_H 1
| #define HAVE_UNISTD_H 1
| /* end confdefs.h.  */
| #include <lapacke.h>
configure:5114: result: no
configure:5114: checking for lapacke.h
configure:5114: result: no
configure:5119: WARNING: couldn't find lapacke header. Deactivating compilation of the PLASMA benchmarks.
configure:5155: checking for LAPACKE_dlacpy_work in -llapacke
configure:5180: gcc -o conftest -g -O2 -O2 -g     conftest.c -llapacke  -lrt -lm  >&5
/lib/../lib64/liblapacke.so: undefined reference to `ztpqrt2_'
/lib/../lib64/liblapacke.so: undefined reference to `zgesdd_'
/lib/../lib64/liblapacke.so: undefined reference to `zgebrd_'
/lib/../lib64/liblapacke.so: undefined reference to `zgelsd_'
/lib/../lib64/liblapacke.so: undefined reference to `dgebal_'
/lib/../lib64/liblapacke.so: undefined reference to `dsprfs_'
/lib/../lib64/liblapacke.so: undefined reference to `csptri_'
/lib/../lib64/liblapacke.so: undefined reference to `dpbstf_'
/lib/../lib64/liblapacke.so: undefined reference to `zcposv_'
/lib/../lib64/liblapacke.so: undefined reference to `chfrk_'
/lib/../lib64/liblapacke.so: undefined reference to `zheevd_'
/lib/../lib64/liblapacke.so: undefined reference to `cppsvx_'
/lib/../lib64/liblapacke.so: undefined reference to `zunmqr_'
/lib/../lib64/liblapacke.so: undefined reference to `cpftrf_'
/lib/../lib64/liblapacke.so: undefined reference to `dsbevx_'
/lib/../lib64/liblapacke.so: undefined reference to `slamch_'
/lib/../lib64/liblapacke.so: undefined reference to `cgesdd_'
/lib/../lib64/liblapacke.so: undefined reference to `zgttrf_'
/lib/../lib64/liblapacke.so: undefined reference to `ctftri_'
/lib/../lib64/liblapacke.so: undefined reference to `sorgbr_'
/lib/../lib64/liblapacke.so: undefined reference to `dsyevd_'
/lib/../lib64/liblapacke.so: undefined reference to `zheevr_'
/lib/../lib64/liblapacke.so: undefined reference to `cpftrs_'
/lib/../lib64/liblapacke.so: undefined reference to `dtzrzf_'
/lib/../lib64/liblapacke.so: undefined reference to `chpevx_'
/lib/../lib64/liblapacke.so: undefined reference to `dsposv_'
/lib/../lib64/liblapacke.so: undefined reference to `ctprfs_'
/lib/../lib64/liblapacke.so: undefined reference to `dtprfb_'
/lib/../lib64/liblapacke.so: undefined reference to `cpbsv_'
/lib/../lib64/liblapacke.so: undefined reference to `cheevd_'
/lib/../lib64/liblapacke.so: undefined reference to `dtbcon_'
/lib/../lib64/liblapacke.so: undefined reference to `zlantr_'
/lib/../lib64/liblapacke.so: undefined reference to `dggbal_'
/lib/../lib64/liblapacke.so: undefined reference to `chbev_'
/lib/../lib64/liblapacke.so: undefined reference to `zpptri_'
/lib/../lib64/liblapacke.so: undefined reference to `sdisna_'
/lib/../lib64/liblapacke.so: undefined reference to `clange_'
/lib/../lib64/liblapacke.so: undefined reference to `dgemqrt_'
/lib/../lib64/liblapacke.so: undefined reference to `lsame_'
/lib/../lib64/liblapacke.so: undefined reference to `ctfttp_'
/lib/../lib64/liblapacke.so: undefined reference to `strevc_'
/lib/../lib64/liblapacke.so: undefined reference to `stgsyl_'
/lib/../lib64/liblapacke.so: undefined reference to `zsyswapr_'
/lib/../lib64/liblapacke.so: undefined reference to `sggevx_'
/lib/../lib64/liblapacke.so: undefined reference to `sspevx_'
/lib/../lib64/liblapacke.so: undefined reference to `dtpqrt_'
/lib/../lib64/liblapacke.so: undefined reference to `ctprfb_'
/lib/../lib64/liblapacke.so: undefined reference to `zgtsv_'
/lib/../lib64/liblapacke.so: undefined reference to `zsptri_'
/lib/../lib64/liblapacke.so: undefined reference to `dtrcon_'
/lib/../lib64/liblapacke.so: undefined reference to `cgees_'
/lib/../lib64/liblapacke.so: undefined reference to `zgesvd_'
/lib/../lib64/liblapacke.so: undefined reference to `dorglq_'
/lib/../lib64/liblapacke.so: undefined reference to `dgeqrfp_'
/lib/../lib64/liblapacke.so: undefined reference to `dgerqf_'
/lib/../lib64/liblapacke.so: undefined reference to `sbdsdc_'
/lib/../lib64/liblapacke.so: undefined reference to `chegv_'
/lib/../lib64/liblapacke.so: undefined reference to `dggesx_'
/lib/../lib64/liblapacke.so: undefined reference to `stgsna_'
/lib/../lib64/liblapacke.so: undefined reference to `dtrsyl_'
/lib/../lib64/liblapacke.so: undefined reference to `zpftrf_'
/lib/../lib64/liblapacke.so: undefined reference to `spotrs_'
/lib/../lib64/liblapacke.so: undefined reference to `ssygvd_'
/lib/../lib64/liblapacke.so: undefined reference to `dsyequb_'
/lib/../lib64/liblapacke.so: undefined reference to `dpftrs_'
/lib/../lib64/liblapacke.so: undefined reference to `zgbsv_'
/lib/../lib64/liblapacke.so: undefined reference to `zsysv_'
/lib/../lib64/liblapacke.so: undefined reference to `dgeequ_'
/lib/../lib64/liblapacke.so: undefined reference to `strexc_'
/lib/../lib64/liblapacke.so: undefined reference to `zppsv_'
/lib/../lib64/liblapacke.so: undefined reference to `sggev_'
/lib/../lib64/liblapacke.so: undefined reference to `sspev_'
/lib/../lib64/liblapacke.so: undefined reference to `ztrttp_'
/lib/../lib64/liblapacke.so: undefined reference to `ztrcon_'
/lib/../lib64/liblapacke.so: undefined reference to `sgeqrf_'
/lib/../lib64/liblapacke.so: undefined reference to `cpptrf_'
/lib/../lib64/liblapacke.so: undefined reference to `chetrd_'
/lib/../lib64/liblapacke.so: undefined reference to `zheev_'
/lib/../lib64/liblapacke.so: undefined reference to `cgttrs_'
/lib/../lib64/liblapacke.so: undefined reference to `csytrs_'
/lib/../lib64/liblapacke.so: undefined reference to `stpttf_'
/lib/../lib64/liblapacke.so: undefined reference to `ctbrfs_'
/lib/../lib64/liblapacke.so: undefined reference to `ztrttf_'
/lib/../lib64/liblapacke.so: undefined reference to `slarfg_'
/lib/../lib64/liblapacke.so: undefined reference to `zggglm_'
/lib/../lib64/liblapacke.so: undefined reference to `ilaver_'
/lib/../lib64/liblapacke.so: undefined reference to `dgees_'
/lib/../lib64/liblapacke.so: undefined reference to `dgbcon_'
/lib/../lib64/liblapacke.so: undefined reference to `cppcon_'
/lib/../lib64/liblapacke.so: undefined reference to `dspgst_'
/lib/../lib64/liblapacke.so: undefined reference to `csyr_'
/lib/../lib64/liblapacke.so: undefined reference to `dposv_'
/lib/../lib64/liblapacke.so: undefined reference to `csptrf_'
/lib/../lib64/liblapacke.so: undefined reference to `sgbtrf_'
/lib/../lib64/liblapacke.so: undefined reference to `sgetf2_'
/lib/../lib64/liblapacke.so: undefined reference to `cgerfs_'
/lib/../lib64/liblapacke.so: undefined reference to `sgbequ_'
/lib/../lib64/liblapacke.so: undefined reference to `zhetri2x_'
/lib/../lib64/liblapacke.so: undefined reference to `cgeqrt_'
/lib/../lib64/liblapacke.so: undefined reference to `dptsv_'
/lib/../lib64/liblapacke.so: undefined reference to `sstevx_'
/lib/../lib64/liblapacke.so: undefined reference to `dormhr_'
/lib/../lib64/liblapacke.so: undefined reference to `chpgv_'
/lib/../lib64/liblapacke.so: undefined reference to `cgeqlf_'
/lib/../lib64/liblapacke.so: undefined reference to `zpbcon_'
/lib/../lib64/liblapacke.so: undefined reference to `stbcon_'
/lib/../lib64/liblapacke.so: undefined reference to `zgelss_'
/lib/../lib64/liblapacke.so: undefined reference to `zgbbrd_'
/lib/../lib64/liblapacke.so: undefined reference to `cgeev_'
/lib/../lib64/liblapacke.so: undefined reference to `dsytrd_'
/lib/../lib64/liblapacke.so: undefined reference to `zhesv_'
/lib/../lib64/liblapacke.so: undefined reference to `dgeevx_'
/lib/../lib64/liblapacke.so: undefined reference to `dsygst_'
/lib/../lib64/liblapacke.so: undefined reference to `zhfrk_'
/lib/../lib64/liblapacke.so: undefined reference to `zhgeqz_'
/lib/../lib64/liblapacke.so: undefined reference to `zgghrd_'
/lib/../lib64/liblapacke.so: undefined reference to `zgeqrt3_'
/lib/../lib64/liblapacke.so: undefined reference to `cgtsvx_'
/lib/../lib64/liblapacke.so: undefined reference to `csysvx_'
/lib/../lib64/liblapacke.so: undefined reference to `shsein_'
/lib/../lib64/liblapacke.so: undefined reference to `spbtrs_'
/lib/../lib64/liblapacke.so: undefined reference to `ssptrf_'
/lib/../lib64/liblapacke.so: undefined reference to `dsbtrd_'
/lib/../lib64/liblapacke.so: undefined reference to `cgbcon_'
/lib/../lib64/liblapacke.so: undefined reference to `dtgsna_'
/lib/../lib64/liblapacke.so: undefined reference to `dgbequ_'
/lib/../lib64/liblapacke.so: undefined reference to `chsein_'
/lib/../lib64/liblapacke.so: undefined reference to `cpptri_'
/lib/../lib64/liblapacke.so: undefined reference to `stftri_'
/lib/../lib64/liblapacke.so: undefined reference to `dspgvd_'
/lib/../lib64/liblapacke.so: undefined reference to `cgbrfs_'
/lib/../lib64/liblapacke.so: undefined reference to `cpttrs_'
/lib/../lib64/liblapacke.so: undefined reference to `zcgesv_'
/lib/../lib64/liblapacke.so: undefined reference to `dggrqf_'
/lib/../lib64/liblapacke.so: undefined reference to `zsptrs_'
/lib/../lib64/liblapacke.so: undefined reference to `dtfttp_'
/lib/../lib64/liblapacke.so: undefined reference to `stfttp_'
/lib/../lib64/liblapacke.so: undefined reference to `stbtrs_'
/lib/../lib64/liblapacke.so: undefined reference to `zhsein_'
/lib/../lib64/liblapacke.so: undefined reference to `spteqr_'
/lib/../lib64/liblapacke.so: undefined reference to `cgesv_'
/lib/../lib64/liblapacke.so: undefined reference to `dgeqp3_'
/lib/../lib64/liblapacke.so: undefined reference to `checon_'
/lib/../lib64/liblapacke.so: undefined reference to `cpocon_'
/lib/../lib64/liblapacke.so: undefined reference to `chpevd_'
/lib/../lib64/liblapacke.so: undefined reference to `sormqr_'
/lib/../lib64/liblapacke.so: undefined reference to `ssyev_'
/lib/../lib64/liblapacke.so: undefined reference to `chetri2x_'
/lib/../lib64/liblapacke.so: undefined reference to `zspsvx_'
/lib/../lib64/liblapacke.so: undefined reference to `slapy3_'
/lib/../lib64/liblapacke.so: undefined reference to `cggesx_'
/lib/../lib64/liblapacke.so: undefined reference to `dtpqrt2_'
/lib/../lib64/liblapacke.so: undefined reference to `zheevx_'
/lib/../lib64/liblapacke.so: undefined reference to `dhsein_'
/lib/../lib64/liblapacke.so: undefined reference to `slarfb_'
/lib/../lib64/liblapacke.so: undefined reference to `zherfs_'
/lib/../lib64/liblapacke.so: undefined reference to `zsytri2_'
/lib/../lib64/liblapacke.so: undefined reference to `dpbsv_'
/lib/../lib64/liblapacke.so: undefined reference to `sstein_'
/lib/../lib64/liblapacke.so: undefined reference to `cpprfs_'
/lib/../lib64/liblapacke.so: undefined reference to `ctrttf_'
/lib/../lib64/liblapacke.so: undefined reference to `spbstf_'
/lib/../lib64/liblapacke.so: undefined reference to `cunmrq_'
/lib/../lib64/liblapacke.so: undefined reference to `spstrf_'
/lib/../lib64/liblapacke.so: undefined reference to `dgels_'
/lib/../lib64/liblapacke.so: undefined reference to `ssbgv_'
/lib/../lib64/liblapacke.so: undefined reference to `spptrf_'
/lib/../lib64/liblapacke.so: undefined reference to `dspsv_'
/lib/../lib64/liblapacke.so: undefined reference to `dtbrfs_'
/lib/../lib64/liblapacke.so: undefined reference to `dsptrs_'
/lib/../lib64/liblapacke.so: undefined reference to `zgetrs_'
/lib/../lib64/liblapacke.so: undefined reference to `zlarft_'
/lib/../lib64/liblapacke.so: undefined reference to `zunmhr_'
/lib/../lib64/liblapacke.so: undefined reference to `dposvx_'
/lib/../lib64/liblapacke.so: undefined reference to `dlarfg_'
/lib/../lib64/liblapacke.so: undefined reference to `cupmtr_'
/lib/../lib64/liblapacke.so: undefined reference to `cbbcsd_'
/lib/../lib64/liblapacke.so: undefined reference to `sgttrs_'
/lib/../lib64/liblapacke.so: undefined reference to `cunmbr_'
/lib/../lib64/liblapacke.so: undefined reference to `cptrfs_'
/lib/../lib64/liblapacke.so: undefined reference to `slange_'
/lib/../lib64/liblapacke.so: undefined reference to `ssbtrd_'
/lib/../lib64/liblapacke.so: undefined reference to `dgehrd_'
/lib/../lib64/liblapacke.so: undefined reference to `ssytrd_'
/lib/../lib64/liblapacke.so: undefined reference to `sgtsv_'
/lib/../lib64/liblapacke.so: undefined reference to `zggsvp_'
/lib/../lib64/liblapacke.so: undefined reference to `dlartgs_'
/lib/../lib64/liblapacke.so: undefined reference to `dgglse_'
/lib/../lib64/liblapacke.so: undefined reference to `sgesvj_'
/lib/../lib64/liblapacke.so: undefined reference to `dpptri_'
/lib/../lib64/liblapacke.so: undefined reference to `dtgsen_'
/lib/../lib64/liblapacke.so: undefined reference to `ztrsyl_'
/lib/../lib64/liblapacke.so: undefined reference to `cggbak_'
/lib/../lib64/liblapacke.so: undefined reference to `clanhe_'
/lib/../lib64/liblapacke.so: undefined reference to `cgttrf_'
/lib/../lib64/liblapacke.so: undefined reference to `csytrf_'
/lib/../lib64/liblapacke.so: undefined reference to `cgelq2_'
/lib/../lib64/liblapacke.so: undefined reference to `zgesvx_'
/lib/../lib64/liblapacke.so: undefined reference to `strsna_'
/lib/../lib64/liblapacke.so: undefined reference to `ztprfs_'
/lib/../lib64/liblapacke.so: undefined reference to `cgbbrd_'
/lib/../lib64/liblapacke.so: undefined reference to `zhbevx_'
/lib/../lib64/liblapacke.so: undefined reference to `spptrs_'
/lib/../lib64/liblapacke.so: undefined reference to `dormrq_'
/lib/../lib64/liblapacke.so: undefined reference to `zgelq2_'
/lib/../lib64/liblapacke.so: undefined reference to `zhbgvd_'
/lib/../lib64/liblapacke.so: undefined reference to `dgeqr2_'
/lib/../lib64/liblapacke.so: undefined reference to `sgglse_'
/lib/../lib64/liblapacke.so: undefined reference to `csprfs_'
/lib/../lib64/liblapacke.so: undefined reference to `sgbrfs_'
/lib/../lib64/liblapacke.so: undefined reference to `dsygv_'
/lib/../lib64/liblapacke.so: undefined reference to `spbequ_'
/lib/../lib64/liblapacke.so: undefined reference to `dgelsd_'
/lib/../lib64/liblapacke.so: undefined reference to `zunmrz_'
/lib/../lib64/liblapacke.so: undefined reference to `dtrttf_'
/lib/../lib64/liblapacke.so: undefined reference to `dstedc_'
/lib/../lib64/liblapacke.so: undefined reference to `dpbequ_'
/lib/../lib64/liblapacke.so: undefined reference to `ssytrs_'
/lib/../lib64/liblapacke.so: undefined reference to `zgeqpf_'
/lib/../lib64/liblapacke.so: undefined reference to `ztrsna_'
/lib/../lib64/liblapacke.so: undefined reference to `cgeequ_'
/lib/../lib64/liblapacke.so: undefined reference to `cgbtrs_'
/lib/../lib64/liblapacke.so: undefined reference to `chesvx_'
/lib/../lib64/liblapacke.so: undefined reference to `cposvx_'
/lib/../lib64/liblapacke.so: undefined reference to `zgetrf_'
/lib/../lib64/liblapacke.so: undefined reference to `dgerfs_'
/lib/../lib64/liblapacke.so: undefined reference to `dsysvx_'
/lib/../lib64/liblapacke.so: undefined reference to `chegvd_'
/lib/../lib64/liblapacke.so: undefined reference to `ztptrs_'
/lib/../lib64/liblapacke.so: undefined reference to `dptcon_'
/lib/../lib64/liblapacke.so: undefined reference to `cgecon_'
/lib/../lib64/liblapacke.so: undefined reference to `dsteqr_'
/lib/../lib64/liblapacke.so: undefined reference to `dlapy3_'
/lib/../lib64/liblapacke.so: undefined reference to `zpbrfs_'
/lib/../lib64/liblapacke.so: undefined reference to `zupmtr_'
/lib/../lib64/liblapacke.so: undefined reference to `zposvx_'
/lib/../lib64/liblapacke.so: undefined reference to `dpoequb_'
/lib/../lib64/liblapacke.so: undefined reference to `cggev_'
/lib/../lib64/liblapacke.so: undefined reference to `zhpgst_'
/lib/../lib64/liblapacke.so: undefined reference to `sormhr_'
/lib/../lib64/liblapacke.so: undefined reference to `stprfb_'
/lib/../lib64/liblapacke.so: undefined reference to `zggevx_'
/lib/../lib64/liblapacke.so: undefined reference to `dpptrf_'
/lib/../lib64/liblapacke.so: undefined reference to `ctpttr_'
/lib/../lib64/liblapacke.so: undefined reference to `sppsvx_'
/lib/../lib64/liblapacke.so: undefined reference to `sgelss_'
/lib/../lib64/liblapacke.so: undefined reference to `dgtcon_'
/lib/../lib64/liblapacke.so: undefined reference to `zgees_'
/lib/../lib64/liblapacke.so: undefined reference to `zgerfs_'
/lib/../lib64/liblapacke.so: undefined reference to `zupgtr_'
/lib/../lib64/liblapacke.so: undefined reference to `sorgtr_'
/lib/../lib64/liblapacke.so: undefined reference to `ctgexc_'
/lib/../lib64/liblapacke.so: undefined reference to `cppequ_'
/lib/../lib64/liblapacke.so: undefined reference to `ssbgst_'
/lib/../lib64/liblapacke.so: undefined reference to `sgeqrt3_'
/lib/../lib64/liblapacke.so: undefined reference to `dggglm_'
/lib/../lib64/liblapacke.so: undefined reference to `zgeqr2_'
/lib/../lib64/liblapacke.so: undefined reference to `zgehrd_'
/lib/../lib64/liblapacke.so: undefined reference to `dlartgp_'
/lib/../lib64/liblapacke.so: undefined reference to `dstemr_'
/lib/../lib64/liblapacke.so: undefined reference to `sstev_'
/lib/../lib64/liblapacke.so: undefined reference to `dsytri2x_'
/lib/../lib64/liblapacke.so: undefined reference to `cgehrd_'
/lib/../lib64/liblapacke.so: undefined reference to `cgebal_'
/lib/../lib64/liblapacke.so: undefined reference to `dgtrfs_'
/lib/../lib64/liblapacke.so: undefined reference to `cpteqr_'
/lib/../lib64/liblapacke.so: undefined reference to `sgelqf_'
/lib/../lib64/liblapacke.so: undefined reference to `dsbevd_'
/lib/../lib64/liblapacke.so: undefined reference to `cgetrf_'
/lib/../lib64/liblapacke.so: undefined reference to `zhbgvx_'
/lib/../lib64/liblapacke.so: undefined reference to `spoequ_'
/lib/../lib64/liblapacke.so: undefined reference to `ssfrk_'
/lib/../lib64/liblapacke.so: undefined reference to `dsycon_'
/lib/../lib64/liblapacke.so: undefined reference to `dspgvx_'
/lib/../lib64/liblapacke.so: undefined reference to `dlarfx_'
/lib/../lib64/liblapacke.so: undefined reference to `sorgrq_'
/lib/../lib64/liblapacke.so: undefined reference to `zhptrs_'
/lib/../lib64/liblapacke.so: undefined reference to `ctptrs_'
/lib/../lib64/liblapacke.so: undefined reference to `zlag2c_'
/lib/../lib64/liblapacke.so: undefined reference to `zptsv_'
/lib/../lib64/liblapacke.so: undefined reference to `chpsv_'
/lib/../lib64/liblapacke.so: undefined reference to `slarfx_'
/lib/../lib64/liblapacke.so: undefined reference to `dgbequb_'
/lib/../lib64/liblapacke.so: undefined reference to `sspevd_'
/lib/../lib64/liblapacke.so: undefined reference to `ctpmqrt_'
/lib/../lib64/liblapacke.so: undefined reference to `dormtr_'
/lib/../lib64/liblapacke.so: undefined reference to `dorbdb_'
/lib/../lib64/liblapacke.so: undefined reference to `stgsja_'
/lib/../lib64/liblapacke.so: undefined reference to `dormlq_'
/lib/../lib64/liblapacke.so: undefined reference to `sgeevx_'
/lib/../lib64/liblapacke.so: undefined reference to `zpoequb_'
/lib/../lib64/liblapacke.so: undefined reference to `strsen_'
/lib/../lib64/liblapacke.so: undefined reference to `dspcon_'
/lib/../lib64/liblapacke.so: undefined reference to `sggsvp_'
/lib/../lib64/liblapacke.so: undefined reference to `zgetf2_'
/lib/../lib64/liblapacke.so: undefined reference to `ssyevx_'
/lib/../lib64/liblapacke.so: undefined reference to `dlasrt_'
/lib/../lib64/liblapacke.so: undefined reference to `chbgvx_'
/lib/../lib64/liblapacke.so: undefined reference to `dppequ_'
/lib/../lib64/liblapacke.so: undefined reference to `spbtrf_'
/lib/../lib64/liblapacke.so: undefined reference to `strrfs_'
/lib/../lib64/liblapacke.so: undefined reference to `cgeqr2_'
/lib/../lib64/liblapacke.so: undefined reference to `dgbbrd_'
/lib/../lib64/liblapacke.so: undefined reference to `dgesdd_'
/lib/../lib64/liblapacke.so: undefined reference to `sgecon_'
/lib/../lib64/liblapacke.so: undefined reference to `ztgexc_'
/lib/../lib64/liblapacke.so: undefined reference to `ztgevc_'
/lib/../lib64/liblapacke.so: undefined reference to `stbrfs_'
/lib/../lib64/liblapacke.so: undefined reference to `spftrf_'
/lib/../lib64/liblapacke.so: undefined reference to `dgeqrt_'
/lib/../lib64/liblapacke.so: undefined reference to `chpgvd_'
/lib/../lib64/liblapacke.so: undefined reference to `cstedc_'
/lib/../lib64/liblapacke.so: undefined reference to `chpgst_'
/lib/../lib64/liblapacke.so: undefined reference to `zptcon_'
/lib/../lib64/liblapacke.so: undefined reference to `sbbcsd_'
/lib/../lib64/liblapacke.so: undefined reference to `ssptrs_'
/lib/../lib64/liblapacke.so: undefined reference to `zppsvx_'
/lib/../lib64/liblapacke.so: undefined reference to `sspgvd_'
/lib/../lib64/liblapacke.so: undefined reference to `zspsv_'
/lib/../lib64/liblapacke.so: undefined reference to `spftrs_'
/lib/../lib64/liblapacke.so: undefined reference to `cgebak_'
/lib/../lib64/liblapacke.so: undefined reference to `csyconv_'
/lib/../lib64/liblapacke.so: undefined reference to `ztzrzf_'
/lib/../lib64/liblapacke.so: undefined reference to `sgesdd_'
/lib/../lib64/liblapacke.so: undefined reference to `ssyrfs_'
/lib/../lib64/liblapacke.so: undefined reference to `cunmqr_'
/lib/../lib64/liblapacke.so: undefined reference to `dptrfs_'
/lib/../lib64/liblapacke.so: undefined reference to `zgbtrf_'
/lib/../lib64/liblapacke.so: undefined reference to `zsytrf_'
/lib/../lib64/liblapacke.so: undefined reference to `dorghr_'
/lib/../lib64/liblapacke.so: undefined reference to `zunglq_'
/lib/../lib64/liblapacke.so: undefined reference to `zstegr_'
/lib/../lib64/liblapacke.so: undefined reference to `cuncsd_'
/lib/../lib64/liblapacke.so: undefined reference to `ssygvx_'
/lib/../lib64/liblapacke.so: undefined reference to `strcon_'
/lib/../lib64/liblapacke.so: undefined reference to `dgges_'
/lib/../lib64/liblapacke.so: undefined reference to `zgelsy_'
/lib/../lib64/liblapacke.so: undefined reference to `sggrqf_'
/lib/../lib64/liblapacke.so: undefined reference to `cpbrfs_'
/lib/../lib64/liblapacke.so: undefined reference to `dsyrfs_'
/lib/../lib64/liblapacke.so: undefined reference to `dsysv_'
/lib/../lib64/liblapacke.so: undefined reference to `cggrqf_'
/lib/../lib64/liblapacke.so: undefined reference to `ctrttp_'
/lib/../lib64/liblapacke.so: undefined reference to `cgels_'
/lib/../lib64/liblapacke.so: undefined reference to `sgemqrt_'
/lib/../lib64/liblapacke.so: undefined reference to `cggqrf_'
/lib/../lib64/liblapacke.so: undefined reference to `ssyevd_'
/lib/../lib64/liblapacke.so: undefined reference to `sggqrf_'
/lib/../lib64/liblapacke.so: undefined reference to `dsyswapr_'
/lib/../lib64/liblapacke.so: undefined reference to `zgeevx_'
/lib/../lib64/liblapacke.so: undefined reference to `cgeevx_'
/lib/../lib64/liblapacke.so: undefined reference to `dgesvj_'
/lib/../lib64/liblapacke.so: undefined reference to `cspsvx_'
/lib/../lib64/liblapacke.so: undefined reference to `sgbsvx_'
/lib/../lib64/liblapacke.so: undefined reference to `chesv_'
/lib/../lib64/liblapacke.so: undefined reference to `cposv_'
/lib/../lib64/liblapacke.so: undefined reference to `sggesx_'
/lib/../lib64/liblapacke.so: undefined reference to `sgeqrt_'
/lib/../lib64/liblapacke.so: undefined reference to `cggbal_'
/lib/../lib64/liblapacke.so: undefined reference to `dgelq2_'
/lib/../lib64/liblapacke.so: undefined reference to `dgeqrt2_'
/lib/../lib64/liblapacke.so: undefined reference to `chbgv_'
/lib/../lib64/liblapacke.so: undefined reference to `dspevx_'
/lib/../lib64/liblapacke.so: undefined reference to `ssprfs_'
/lib/../lib64/liblapacke.so: undefined reference to `stfsm_'
/lib/../lib64/liblapacke.so: undefined reference to `dgelsy_'
/lib/../lib64/liblapacke.so: undefined reference to `ssbev_'
/lib/../lib64/liblapacke.so: undefined reference to `ssygv_'
/lib/../lib64/liblapacke.so: undefined reference to `cstegr_'
/lib/../lib64/liblapacke.so: undefined reference to `zhpgv_'
/lib/../lib64/liblapacke.so: undefined reference to `sspsv_'
/lib/../lib64/liblapacke.so: undefined reference to `dtrevc_'
/lib/../lib64/liblapacke.so: undefined reference to `cheevr_'
/lib/../lib64/liblapacke.so: undefined reference to `zposv_'
/lib/../lib64/liblapacke.so: undefined reference to `dpocon_'
/lib/../lib64/liblapacke.so: undefined reference to `cpbcon_'
/lib/../lib64/liblapacke.so: undefined reference to `dgeqlf_'
/lib/../lib64/liblapacke.so: undefined reference to `cunghr_'
/lib/../lib64/liblapacke.so: undefined reference to `dtgexc_'
/lib/../lib64/liblapacke.so: undefined reference to `dtgevc_'
/lib/../lib64/liblapacke.so: undefined reference to `slaswp_'
/lib/../lib64/liblapacke.so: undefined reference to `ztpttr_'
/lib/../lib64/liblapacke.so: undefined reference to `chprfs_'
/lib/../lib64/liblapacke.so: undefined reference to `stprfs_'
/lib/../lib64/liblapacke.so: undefined reference to `cgemqrt_'
/lib/../lib64/liblapacke.so: undefined reference to `stpqrt2_'
/lib/../lib64/liblapacke.so: undefined reference to `sgebrd_'
/lib/../lib64/liblapacke.so: undefined reference to `ztgsna_'
/lib/../lib64/liblapacke.so: undefined reference to `dgbsvx_'
/lib/../lib64/liblapacke.so: undefined reference to `ctgsen_'
/lib/../lib64/liblapacke.so: undefined reference to `dtrexc_'
/lib/../lib64/liblapacke.so: undefined reference to `zsytri2x_'
/lib/../lib64/liblapacke.so: undefined reference to `cgtsv_'
/lib/../lib64/liblapacke.so: undefined reference to `csysv_'
/lib/../lib64/liblapacke.so: undefined reference to `chetrs2_'
/lib/../lib64/liblapacke.so: undefined reference to `clantr_'
/lib/../lib64/liblapacke.so: undefined reference to `cgbsvx_'
/lib/../lib64/liblapacke.so: undefined reference to `cgelsd_'
/lib/../lib64/liblapacke.so: undefined reference to `dgbtrs_'
/lib/../lib64/liblapacke.so: undefined reference to `sgeequ_'
/lib/../lib64/liblapacke.so: undefined reference to `sstevd_'
/lib/../lib64/liblapacke.so: undefined reference to `clapmr_'
/lib/../lib64/liblapacke.so: undefined reference to `clarnv_'
/lib/../lib64/liblapacke.so: undefined reference to `ssysv_'
/lib/../lib64/liblapacke.so: undefined reference to `cptsvx_'
/lib/../lib64/liblapacke.so: undefined reference to `dporfs_'
/lib/../lib64/liblapacke.so: undefined reference to `sgerfs_'
/lib/../lib64/liblapacke.so: undefined reference to `sgejsv_'
/lib/../lib64/liblapacke.so: undefined reference to `zlarfx_'
/lib/../lib64/liblapacke.so: undefined reference to `stgevc_'
/lib/../lib64/liblapacke.so: undefined reference to `zsyr_'
/lib/../lib64/liblapacke.so: undefined reference to `zhprfs_'
/lib/../lib64/liblapacke.so: undefined reference to `sppcon_'
/lib/../lib64/liblapacke.so: undefined reference to `dgttrs_'
/lib/../lib64/liblapacke.so: undefined reference to `dsyevx_'
/lib/../lib64/liblapacke.so: undefined reference to `sspgv_'
/lib/../lib64/liblapacke.so: undefined reference to `dsyev_'
/lib/../lib64/liblapacke.so: undefined reference to `sgeev_'
/lib/../lib64/liblapacke.so: undefined reference to `dgebak_'
/lib/../lib64/liblapacke.so: undefined reference to `dtgsyl_'
/lib/../lib64/liblapacke.so: undefined reference to `zgtcon_'
/lib/../lib64/liblapacke.so: undefined reference to `cgesvd_'
/lib/../lib64/liblapacke.so: undefined reference to `cgetf2_'
/lib/../lib64/liblapacke.so: undefined reference to `zunmlq_'
/lib/../lib64/liblapacke.so: undefined reference to `chetrs_'
/lib/../lib64/liblapacke.so: undefined reference to `cpotrs_'
/lib/../lib64/liblapacke.so: undefined reference to `dlange_'
/lib/../lib64/liblapacke.so: undefined reference to `cheevx_'
/lib/../lib64/liblapacke.so: undefined reference to `ctbcon_'
/lib/../lib64/liblapacke.so: undefined reference to `sgbequb_'
/lib/../lib64/liblapacke.so: undefined reference to `ctrcon_'
/lib/../lib64/liblapacke.so: undefined reference to `dsptrf_'
/lib/../lib64/liblapacke.so: undefined reference to `ztrexc_'
/lib/../lib64/liblapacke.so: undefined reference to `dsbgvx_'
/lib/../lib64/liblapacke.so: undefined reference to `sptrfs_'
/lib/../lib64/liblapacke.so: undefined reference to `dlag2s_'
/lib/../lib64/liblapacke.so: undefined reference to `cptsv_'
/lib/../lib64/liblapacke.so: undefined reference to `spoequb_'
/lib/../lib64/liblapacke.so: undefined reference to `ctrtri_'
/lib/../lib64/liblapacke.so: undefined reference to `csyequb_'
/lib/../lib64/liblapacke.so: undefined reference to `sgetri_'
/lib/../lib64/liblapacke.so: undefined reference to `dgesvx_'
/lib/../lib64/liblapacke.so: undefined reference to `chbgvd_'
/lib/../lib64/liblapacke.so: undefined reference to `dorgql_'
/lib/../lib64/liblapacke.so: undefined reference to `dtrtrs_'
/lib/../lib64/liblapacke.so: undefined reference to `cgeqrt3_'
/lib/../lib64/liblapacke.so: undefined reference to `cheswapr_'
/lib/../lib64/liblapacke.so: undefined reference to `sgeqp3_'
/lib/../lib64/liblapacke.so: undefined reference to `dgebrd_'
/lib/../lib64/liblapacke.so: undefined reference to `ctpqrt2_'
/lib/../lib64/liblapacke.so: undefined reference to `zungqr_'
/lib/../lib64/liblapacke.so: undefined reference to `zungtr_'
/lib/../lib64/liblapacke.so: undefined reference to `zhpsvx_'
/lib/../lib64/liblapacke.so: undefined reference to `dorcsd_'
/lib/../lib64/liblapacke.so: undefined reference to `dpstrf_'
/lib/../lib64/liblapacke.so: undefined reference to `zunmtr_'
/lib/../lib64/liblapacke.so: undefined reference to `ctrsyl_'
/lib/../lib64/liblapacke.so: undefined reference to `dlarnv_'
/lib/../lib64/liblapacke.so: undefined reference to `dppsvx_'
/lib/../lib64/liblapacke.so: undefined reference to `sspcon_'
/lib/../lib64/liblapacke.so: undefined reference to `dorgbr_'
/lib/../lib64/liblapacke.so: undefined reference to `slacpy_'
/lib/../lib64/liblapacke.so: undefined reference to `dlaswp_'
/lib/../lib64/liblapacke.so: undefined reference to `dsbev_'
/lib/../lib64/liblapacke.so: undefined reference to `shseqr_'
/lib/../lib64/liblapacke.so: undefined reference to `clacpy_'
/lib/../lib64/liblapacke.so: undefined reference to `zlapmr_'
/lib/../lib64/liblapacke.so: undefined reference to `sgees_'
/lib/../lib64/liblapacke.so: undefined reference to `dgeev_'
/lib/../lib64/liblapacke.so: undefined reference to `dsygvx_'
/lib/../lib64/liblapacke.so: undefined reference to `cunmrz_'
/lib/../lib64/liblapacke.so: undefined reference to `ctrexc_'
/lib/../lib64/liblapacke.so: undefined reference to `zlarnv_'
/lib/../lib64/liblapacke.so: undefined reference to `ssbevd_'
/lib/../lib64/liblapacke.so: undefined reference to `zpptrf_'
/lib/../lib64/liblapacke.so: undefined reference to `dpbcon_'
/lib/../lib64/liblapacke.so: undefined reference to `zpstrf_'
/lib/../lib64/liblapacke.so: undefined reference to `ctpqrt_'
/lib/../lib64/liblapacke.so: undefined reference to `zgemqrt_'
/lib/../lib64/liblapacke.so: undefined reference to `zhbev_'
/lib/../lib64/liblapacke.so: undefined reference to `ctpttf_'
/lib/../lib64/liblapacke.so: undefined reference to `dpbtrf_'
/lib/../lib64/liblapacke.so: undefined reference to `sorcsd_'
/lib/../lib64/liblapacke.so: undefined reference to `stfttr_'
/lib/../lib64/liblapacke.so: undefined reference to `dgetf2_'
/lib/../lib64/liblapacke.so: undefined reference to `ssteqr_'
/lib/../lib64/liblapacke.so: undefined reference to `dsytrs2_'
/lib/../lib64/liblapacke.so: undefined reference to `sopmtr_'
/lib/../lib64/liblapacke.so: undefined reference to `zunmrq_'
/lib/../lib64/liblapacke.so: undefined reference to `clansy_'
/lib/../lib64/liblapacke.so: undefined reference to `chptrf_'
/lib/../lib64/liblapacke.so: undefined reference to `ssysvx_'
/lib/../lib64/liblapacke.so: undefined reference to `spftri_'
/lib/../lib64/liblapacke.so: undefined reference to `dpftrf_'
/lib/../lib64/liblapacke.so: undefined reference to `dgeqpf_'
/lib/../lib64/liblapacke.so: undefined reference to `chetri_'
/lib/../lib64/liblapacke.so: undefined reference to `cpotri_'
/lib/../lib64/liblapacke.so: undefined reference to `ctrsna_'
/lib/../lib64/liblapacke.so: undefined reference to `dtrtri_'
/lib/../lib64/liblapacke.so: undefined reference to `zppequ_'
/lib/../lib64/liblapacke.so: undefined reference to `csytri_'
/lib/../lib64/liblapacke.so: undefined reference to `sppequ_'
/lib/../lib64/liblapacke.so: undefined reference to `cggsvp_'
/lib/../lib64/liblapacke.so: undefined reference to `stpmqrt_'
/lib/../lib64/liblapacke.so: undefined reference to `dtfttr_'
/lib/../lib64/liblapacke.so: undefined reference to `dtpttf_'
/lib/../lib64/liblapacke.so: undefined reference to `dspevd_'
/lib/../lib64/liblapacke.so: undefined reference to `zggesx_'
/lib/../lib64/liblapacke.so: undefined reference to `cunglq_'
/lib/../lib64/liblapacke.so: undefined reference to `zhptri_'
/lib/../lib64/liblapacke.so: undefined reference to `zgeqrfp_'
/lib/../lib64/liblapacke.so: undefined reference to `zhetrf_'
/lib/../lib64/liblapacke.so: undefined reference to `sggsvd_'
/lib/../lib64/liblapacke.so: undefined reference to `cgghrd_'
/lib/../lib64/liblapacke.so: undefined reference to `sopgtr_'
/lib/../lib64/liblapacke.so: undefined reference to `cpbequ_'
/lib/../lib64/liblapacke.so: undefined reference to `zhpgvd_'
/lib/../lib64/liblapacke.so: undefined reference to `cstemr_'
/lib/../lib64/liblapacke.so: undefined reference to `ztgsja_'
/lib/../lib64/liblapacke.so: undefined reference to `cupgtr_'
/lib/../lib64/liblapacke.so: undefined reference to `dpttrf_'
/lib/../lib64/liblapacke.so: undefined reference to `zsprfs_'
/lib/../lib64/liblapacke.so: undefined reference to `ctgevc_'
/lib/../lib64/liblapacke.so: undefined reference to `ctrevc_'
/lib/../lib64/liblapacke.so: undefined reference to `zggev_'
/lib/../lib64/liblapacke.so: undefined reference to `dorgrq_'
/lib/../lib64/liblapacke.so: undefined reference to `zhecon_'
/lib/../lib64/liblapacke.so: undefined reference to `sgeqr2_'
/lib/../lib64/liblapacke.so: undefined reference to `dgelqf_'
/lib/../lib64/liblapacke.so: undefined reference to `slarft_'
/lib/../lib64/liblapacke.so: undefined reference to `dgesv_'
/lib/../lib64/liblapacke.so: undefined reference to `cungtr_'
/lib/../lib64/liblapacke.so: undefined reference to `dtbtrs_'
/lib/../lib64/liblapacke.so: undefined reference to `zpftri_'
/lib/../lib64/liblapacke.so: undefined reference to `cunmlq_'
/lib/../lib64/liblapacke.so: undefined reference to `zggbak_'
/lib/../lib64/liblapacke.so: undefined reference to `spbcon_'
/lib/../lib64/liblapacke.so: undefined reference to `dtprfs_'
/lib/../lib64/liblapacke.so: undefined reference to `ssyequb_'
/lib/../lib64/liblapacke.so: undefined reference to `dtrsen_'
/lib/../lib64/liblapacke.so: undefined reference to `zlanhe_'
/lib/../lib64/liblapacke.so: undefined reference to `ssycon_'
/lib/../lib64/liblapacke.so: undefined reference to `zgeequb_'
/lib/../lib64/liblapacke.so: undefined reference to `sgerqf_'
/lib/../lib64/liblapacke.so: undefined reference to `spbrfs_'
/lib/../lib64/liblapacke.so: undefined reference to `ctgsna_'
/lib/../lib64/liblapacke.so: undefined reference to `cgbtrf_'
/lib/../lib64/liblapacke.so: undefined reference to `cptcon_'
/lib/../lib64/liblapacke.so: undefined reference to `slag2d_'
/lib/../lib64/liblapacke.so: undefined reference to `cpoequ_'
/lib/../lib64/liblapacke.so: undefined reference to `dgetrf_'
/lib/../lib64/liblapacke.so: undefined reference to `cungrq_'
/lib/../lib64/liblapacke.so: undefined reference to `zlaset_'
/lib/../lib64/liblapacke.so: undefined reference to `zhegvd_'
/lib/../lib64/liblapacke.so: undefined reference to `zhpgvx_'
/lib/../lib64/liblapacke.so: undefined reference to `zhpevx_'
/lib/../lib64/liblapacke.so: undefined reference to `ctpcon_'
/lib/../lib64/liblapacke.so: undefined reference to `cgelsy_'
/lib/../lib64/liblapacke.so: undefined reference to `sgesvd_'
/lib/../lib64/liblapacke.so: undefined reference to `dlaset_'
/lib/../lib64/liblapacke.so: undefined reference to `csytrs2_'
/lib/../lib64/liblapacke.so: undefined reference to `cpbstf_'
/lib/../lib64/liblapacke.so: undefined reference to `zpbstf_'
/lib/../lib64/liblapacke.so: undefined reference to `zggqrf_'
/lib/../lib64/liblapacke.so: undefined reference to `zlansy_'
/lib/../lib64/liblapacke.so: undefined reference to `ssytrf_'
/lib/../lib64/liblapacke.so: undefined reference to `zhegv_'
/lib/../lib64/liblapacke.so: undefined reference to `zlacgv_'
/lib/../lib64/liblapacke.so: undefined reference to `sgeqrfp_'
/lib/../lib64/liblapacke.so: undefined reference to `strttp_'
/lib/../lib64/liblapacke.so: undefined reference to `ssterf_'
/lib/../lib64/liblapacke.so: undefined reference to `dgelss_'
/lib/../lib64/liblapacke.so: undefined reference to `dpbrfs_'
/lib/../lib64/liblapacke.so: undefined reference to `clarft_'
/lib/../lib64/liblapacke.so: undefined reference to `cgetri_'
/lib/../lib64/liblapacke.so: undefined reference to `zsteqr_'
/lib/../lib64/liblapacke.so: undefined reference to `dlantr_'
/lib/../lib64/liblapacke.so: undefined reference to `sgebal_'
/lib/../lib64/liblapacke.so: undefined reference to `ztrevc_'
/lib/../lib64/liblapacke.so: undefined reference to `ctgsja_'
/lib/../lib64/liblapacke.so: undefined reference to `claset_'
/lib/../lib64/liblapacke.so: undefined reference to `ssygst_'
/lib/../lib64/liblapacke.so: undefined reference to `ctptri_'
/lib/../lib64/liblapacke.so: undefined reference to `sorgql_'
/lib/../lib64/liblapacke.so: undefined reference to `dsytri2_'
/lib/../lib64/liblapacke.so: undefined reference to `sbdsqr_'
/lib/../lib64/liblapacke.so: undefined reference to `slansy_'
/lib/../lib64/liblapacke.so: undefined reference to `dlarfb_'
/lib/../lib64/liblapacke.so: undefined reference to `dtrsna_'
/lib/../lib64/liblapacke.so: undefined reference to `zungql_'
/lib/../lib64/liblapacke.so: undefined reference to `dsyevr_'
/lib/../lib64/liblapacke.so: undefined reference to `sormrq_'
/lib/../lib64/liblapacke.so: undefined reference to `cggglm_'
/lib/../lib64/liblapacke.so: undefined reference to `sgges_'
/lib/../lib64/liblapacke.so: undefined reference to `zhetrs2_'
/lib/../lib64/liblapacke.so: undefined reference to `dsyconv_'
/lib/../lib64/liblapacke.so: undefined reference to `sstedc_'
/lib/../lib64/liblapacke.so: undefined reference to `zhesvx_'
/lib/../lib64/liblapacke.so: undefined reference to `zpbsvx_'
/lib/../lib64/liblapacke.so: undefined reference to `cspcon_'
/lib/../lib64/liblapacke.so: undefined reference to `sgbcon_'
/lib/../lib64/liblapacke.so: undefined reference to `sgeqlf_'
/lib/../lib64/liblapacke.so: undefined reference to `ztptri_'
/lib/../lib64/liblapacke.so: undefined reference to `sspgst_'
/lib/../lib64/liblapacke.so: undefined reference to `zgbcon_'
/lib/../lib64/liblapacke.so: undefined reference to `zsycon_'
/lib/../lib64/liblapacke.so: undefined reference to `ssytrs2_'
/lib/../lib64/liblapacke.so: undefined reference to `chbevd_'
/lib/../lib64/liblapacke.so: undefined reference to `dopmtr_'
/lib/../lib64/liblapacke.so: undefined reference to `dpbsvx_'
/lib/../lib64/liblapacke.so: undefined reference to `dormql_'
/lib/../lib64/liblapacke.so: undefined reference to `cbdsqr_'
/lib/../lib64/liblapacke.so: undefined reference to `sggbal_'
/lib/../lib64/liblapacke.so: undefined reference to `dbdsqr_'
/lib/../lib64/liblapacke.so: undefined reference to `dgbsv_'
/lib/../lib64/liblapacke.so: undefined reference to `ztrtri_'
/lib/../lib64/liblapacke.so: undefined reference to `sgetrs_'
/lib/../lib64/liblapacke.so: undefined reference to `sspsvx_'
/lib/../lib64/liblapacke.so: undefined reference to `dorgqr_'
/lib/../lib64/liblapacke.so: undefined reference to `chbevx_'
/lib/../lib64/liblapacke.so: undefined reference to `zhpsv_'
/lib/../lib64/liblapacke.so: undefined reference to `dggevx_'
/lib/../lib64/liblapacke.so: undefined reference to `dppsv_'
/lib/../lib64/liblapacke.so: undefined reference to `ztfttp_'
/lib/../lib64/liblapacke.so: undefined reference to `chpev_'
/lib/../lib64/liblapacke.so: undefined reference to `slartgp_'
/lib/../lib64/liblapacke.so: undefined reference to `dsfrk_'
/lib/../lib64/liblapacke.so: undefined reference to `stgexc_'
/lib/../lib64/liblapacke.so: undefined reference to `dsytri_'
/lib/../lib64/liblapacke.so: undefined reference to `cstein_'
/lib/../lib64/liblapacke.so: undefined reference to `zlacpy_'
/lib/../lib64/liblapacke.so: undefined reference to `zungrq_'
/lib/../lib64/liblapacke.so: undefined reference to `sptsv_'
/lib/../lib64/liblapacke.so: undefined reference to `sgels_'
/lib/../lib64/liblapacke.so: undefined reference to `spotrf_'
/lib/../lib64/liblapacke.so: undefined reference to `zgbequb_'
/lib/../lib64/liblapacke.so: undefined reference to `zsyequb_'
/lib/../lib64/liblapacke.so: undefined reference to `cgbsv_'
/lib/../lib64/liblapacke.so: undefined reference to `chptri_'
/lib/../lib64/liblapacke.so: undefined reference to `stptri_'
/lib/../lib64/liblapacke.so: undefined reference to `ssytri_'
/lib/../lib64/liblapacke.so: undefined reference to `sppsv_'
/lib/../lib64/liblapacke.so: undefined reference to `ssyswapr_'
/lib/../lib64/liblapacke.so: undefined reference to `cgges_'
/lib/../lib64/liblapacke.so: undefined reference to `cungql_'
/lib/../lib64/liblapacke.so: undefined reference to `ctbtrs_'
/lib/../lib64/liblapacke.so: undefined reference to `zunmql_'
/lib/../lib64/liblapacke.so: undefined reference to `zgtrfs_'
/lib/../lib64/liblapacke.so: undefined reference to `dtptri_'
/lib/../lib64/liblapacke.so: undefined reference to `sgetrf_'
/lib/../lib64/liblapacke.so: undefined reference to `cpstrf_'
/lib/../lib64/liblapacke.so: undefined reference to `dhgeqz_'
/lib/../lib64/liblapacke.so: undefined reference to `zhbevd_'
/lib/../lib64/liblapacke.so: undefined reference to `dstevr_'
/lib/../lib64/liblapacke.so: undefined reference to `cgeqrt2_'
/lib/../lib64/liblapacke.so: undefined reference to `zpprfs_'
/lib/../lib64/liblapacke.so: undefined reference to `zhbtrd_'
/lib/../lib64/liblapacke.so: undefined reference to `ztpmqrt_'
/lib/../lib64/liblapacke.so: undefined reference to `zpbsv_'
/lib/../lib64/liblapacke.so: undefined reference to `dgeesx_'
/lib/../lib64/liblapacke.so: undefined reference to `zgelqf_'
/lib/../lib64/liblapacke.so: undefined reference to `zppcon_'
/lib/../lib64/liblapacke.so: undefined reference to `cunmtr_'
/lib/../lib64/liblapacke.so: undefined reference to `cgelss_'
/lib/../lib64/liblapacke.so: undefined reference to `zgeequ_'
/lib/../lib64/liblapacke.so: undefined reference to `zlarfg_'
/lib/../lib64/liblapacke.so: undefined reference to `dhseqr_'
/lib/../lib64/liblapacke.so: undefined reference to `dpotrf_'
/lib/../lib64/liblapacke.so: undefined reference to `dormbr_'
/lib/../lib64/liblapacke.so: undefined reference to `zuncsd_'
/lib/../lib64/liblapacke.so: undefined reference to `sstegr_'
/lib/../lib64/liblapacke.so: undefined reference to `chseqr_'
/lib/../lib64/liblapacke.so: undefined reference to `dspgv_'
/lib/../lib64/liblapacke.so: undefined reference to `dorgtr_'
/lib/../lib64/liblapacke.so: undefined reference to `ssbgvx_'
/lib/../lib64/liblapacke.so: undefined reference to `dtgsja_'
/lib/../lib64/liblapacke.so: undefined reference to `sposvx_'
/lib/../lib64/liblapacke.so: undefined reference to `zgbsvx_'
/lib/../lib64/liblapacke.so: undefined reference to `zsysvx_'
/lib/../lib64/liblapacke.so: undefined reference to `zgeev_'
/lib/../lib64/liblapacke.so: undefined reference to `dstegr_'
/lib/../lib64/liblapacke.so: undefined reference to `zgebak_'
/lib/../lib64/liblapacke.so: undefined reference to `cppsv_'
/lib/../lib64/liblapacke.so: undefined reference to `slartgs_'
/lib/../lib64/liblapacke.so: undefined reference to `ztprfb_'
/lib/../lib64/liblapacke.so: undefined reference to `cggsvd_'
/lib/../lib64/liblapacke.so: undefined reference to `cunmql_'
/lib/../lib64/liblapacke.so: undefined reference to `ssbevx_'
/lib/../lib64/liblapacke.so: undefined reference to `zpotrs_'
/lib/../lib64/liblapacke.so: undefined reference to `ztbtrs_'
/lib/../lib64/liblapacke.so: undefined reference to `cgeequb_'
/lib/../lib64/liblapacke.so: undefined reference to `sgtsvx_'
/lib/../lib64/liblapacke.so: undefined reference to `clacgv_'
/lib/../lib64/liblapacke.so: undefined reference to `zhegvx_'
/lib/../lib64/liblapacke.so: undefined reference to `spbsv_'
/lib/../lib64/liblapacke.so: undefined reference to `ztpcon_'
/lib/../lib64/liblapacke.so: undefined reference to `chpcon_'
/lib/../lib64/liblapacke.so: undefined reference to `stpcon_'
/lib/../lib64/liblapacke.so: undefined reference to `sggglm_'
/lib/../lib64/liblapacke.so: undefined reference to `dsygvd_'
/lib/../lib64/liblapacke.so: undefined reference to `sorglq_'
/lib/../lib64/liblapacke.so: undefined reference to `cungqr_'
/lib/../lib64/liblapacke.so: undefined reference to `sgehrd_'
/lib/../lib64/liblapacke.so: undefined reference to `ctrrfs_'
/lib/../lib64/liblapacke.so: undefined reference to `ssptrd_'
/lib/../lib64/liblapacke.so: undefined reference to `zptsvx_'
/lib/../lib64/liblapacke.so: undefined reference to `cgeqp3_'
/lib/../lib64/liblapacke.so: undefined reference to `dsytrf_'
/lib/../lib64/liblapacke.so: undefined reference to `cpftri_'
/lib/../lib64/liblapacke.so: undefined reference to `dstevx_'
/lib/../lib64/liblapacke.so: undefined reference to `zpttrf_'
/lib/../lib64/liblapacke.so: undefined reference to `sgelq2_'
/lib/../lib64/liblapacke.so: undefined reference to `dsbgst_'
/lib/../lib64/liblapacke.so: undefined reference to `dpotri_'
/lib/../lib64/liblapacke.so: undefined reference to `dgghrd_'
/lib/../lib64/liblapacke.so: undefined reference to `chgeqz_'
/lib/../lib64/liblapacke.so: undefined reference to `ztgsyl_'
/lib/../lib64/liblapacke.so: undefined reference to `dsbgv_'
/lib/../lib64/liblapacke.so: undefined reference to `cgtcon_'
/lib/../lib64/liblapacke.so: undefined reference to `csycon_'
/lib/../lib64/liblapacke.so: undefined reference to `dspsvx_'
/lib/../lib64/liblapacke.so: undefined reference to `shgeqz_'
/lib/../lib64/liblapacke.so: undefined reference to `ctrtrs_'
/lib/../lib64/liblapacke.so: undefined reference to `spbsvx_'
/lib/../lib64/liblapacke.so: undefined reference to `dlacpy_'
/lib/../lib64/liblapacke.so: undefined reference to `stzrzf_'
/lib/../lib64/liblapacke.so: undefined reference to `zbbcsd_'
/lib/../lib64/liblapacke.so: undefined reference to `chptrs_'
/lib/../lib64/liblapacke.so: undefined reference to `stptrs_'
/lib/../lib64/liblapacke.so: undefined reference to `dggev_'
/lib/../lib64/liblapacke.so: undefined reference to `sgbbrd_'
/lib/../lib64/liblapacke.so: undefined reference to `zpotrf_'
/lib/../lib64/liblapacke.so: undefined reference to `zpbtrs_'
/lib/../lib64/liblapacke.so: undefined reference to `zbdsqr_'
/lib/../lib64/liblapacke.so: undefined reference to `chbgst_'
/lib/../lib64/liblapacke.so: undefined reference to `zgglse_'
/lib/../lib64/liblapacke.so: undefined reference to `zheequb_'
/lib/../lib64/liblapacke.so: undefined reference to `sgtrfs_'
/lib/../lib64/liblapacke.so: undefined reference to `zpftrs_'
/lib/../lib64/liblapacke.so: undefined reference to `sgesvx_'
/lib/../lib64/liblapacke.so: undefined reference to `spttrf_'
/lib/../lib64/liblapacke.so: undefined reference to `sgttrf_'
/lib/../lib64/liblapacke.so: undefined reference to `ztrtrs_'
/lib/../lib64/liblapacke.so: undefined reference to `dppcon_'
/lib/../lib64/liblapacke.so: undefined reference to `chegst_'
/lib/../lib64/liblapacke.so: undefined reference to `zlange_'
/lib/../lib64/liblapacke.so: undefined reference to `zlarfb_'
/lib/../lib64/liblapacke.so: undefined reference to `cgesvx_'
/lib/../lib64/liblapacke.so: undefined reference to `zhpev_'
/lib/../lib64/liblapacke.so: undefined reference to `claswp_'
/lib/../lib64/liblapacke.so: undefined reference to `dgecon_'
/lib/../lib64/liblapacke.so: undefined reference to `zgecon_'
/lib/../lib64/liblapacke.so: undefined reference to `zhseqr_'
/lib/../lib64/liblapacke.so: undefined reference to `ctgsyl_'
/lib/../lib64/liblapacke.so: undefined reference to `zpbtrf_'
/lib/../lib64/liblapacke.so: undefined reference to `cherfs_'
/lib/../lib64/liblapacke.so: undefined reference to `cporfs_'
/lib/../lib64/liblapacke.so: undefined reference to `cgeesx_'
/lib/../lib64/liblapacke.so: undefined reference to `zunbdb_'
/lib/../lib64/liblapacke.so: undefined reference to `csytri2_'
/lib/../lib64/liblapacke.so: undefined reference to `ctrsen_'
/lib/../lib64/liblapacke.so: undefined reference to `cgerqf_'
/lib/../lib64/liblapacke.so: undefined reference to `cheequb_'
/lib/../lib64/liblapacke.so: undefined reference to `cpoequb_'
/lib/../lib64/liblapacke.so: undefined reference to `dgejsv_'
/lib/../lib64/liblapacke.so: undefined reference to `sggbak_'
/lib/../lib64/liblapacke.so: undefined reference to `cpbtrf_'
/lib/../lib64/liblapacke.so: undefined reference to `dtpmqrt_'
/lib/../lib64/liblapacke.so: undefined reference to `sptsvx_'
/lib/../lib64/liblapacke.so: undefined reference to `cgeqrf_'
/lib/../lib64/liblapacke.so: undefined reference to `zgeqrt2_'
/lib/../lib64/liblapacke.so: undefined reference to `zporfs_'
/lib/../lib64/liblapacke.so: undefined reference to `ztbrfs_'
/lib/../lib64/liblapacke.so: undefined reference to `zpoequ_'
/lib/../lib64/liblapacke.so: undefined reference to `dlapy2_'
/lib/../lib64/liblapacke.so: undefined reference to `zlaswp_'
/lib/../lib64/liblapacke.so: undefined reference to `dopgtr_'
/lib/../lib64/liblapacke.so: undefined reference to `cgetrs_'
/lib/../lib64/liblapacke.so: undefined reference to `sspgvx_'
/lib/../lib64/liblapacke.so: undefined reference to `csyrfs_'
/lib/../lib64/liblapacke.so: undefined reference to `cgtrfs_'
/lib/../lib64/liblapacke.so: undefined reference to `strsyl_'
/lib/../lib64/liblapacke.so: undefined reference to `zpttrs_'
/lib/../lib64/liblapacke.so: undefined reference to `sorbdb_'
/lib/../lib64/liblapacke.so: undefined reference to `ctzrzf_'
/lib/../lib64/liblapacke.so: undefined reference to `cpbtrs_'
/lib/../lib64/liblapacke.so: undefined reference to `cpbsvx_'
/lib/../lib64/liblapacke.so: undefined reference to `dgeqrt3_'
/lib/../lib64/liblapacke.so: undefined reference to `ssytri2x_'
/lib/../lib64/liblapacke.so: undefined reference to `dsgesv_'
/lib/../lib64/liblapacke.so: undefined reference to `chetri2_'
/lib/../lib64/liblapacke.so: undefined reference to `zgeqlf_'
/lib/../lib64/liblapacke.so: undefined reference to `dggsvd_'
/lib/../lib64/liblapacke.so: undefined reference to `sgeqrt2_'
/lib/../lib64/liblapacke.so: undefined reference to `zgbtrs_'
/lib/../lib64/liblapacke.so: undefined reference to `zsytrs_'
/lib/../lib64/liblapacke.so: undefined reference to `dpftri_'
/lib/../lib64/liblapacke.so: undefined reference to `sporfs_'
/lib/../lib64/liblapacke.so: undefined reference to `dggbak_'
/lib/../lib64/liblapacke.so: undefined reference to `zgetri_'
/lib/../lib64/liblapacke.so: undefined reference to `zspcon_'
/lib/../lib64/liblapacke.so: undefined reference to `zunghr_'
/lib/../lib64/liblapacke.so: undefined reference to `dgttrf_'
/lib/../lib64/liblapacke.so: undefined reference to `zggbal_'
/lib/../lib64/liblapacke.so: undefined reference to `ctfsm_'
/lib/../lib64/liblapacke.so: undefined reference to `clauum_'
/lib/../lib64/liblapacke.so: undefined reference to `cgelqf_'
/lib/../lib64/liblapacke.so: undefined reference to `slapy2_'
/lib/../lib64/liblapacke.so: undefined reference to `dsptrd_'
/lib/../lib64/liblapacke.so: undefined reference to `sormql_'
/lib/../lib64/liblapacke.so: undefined reference to `zgeqrt_'
/lib/../lib64/liblapacke.so: undefined reference to `stpttr_'
/lib/../lib64/liblapacke.so: undefined reference to `ddisna_'
/lib/../lib64/liblapacke.so: undefined reference to `dstevd_'
/lib/../lib64/liblapacke.so: undefined reference to `dsytrs_'
/lib/../lib64/liblapacke.so: undefined reference to `dormqr_'
/lib/../lib64/liblapacke.so: undefined reference to `cgbequ_'
/lib/../lib64/liblapacke.so: undefined reference to `cggevx_'
/lib/../lib64/liblapacke.so: undefined reference to `dgeqrf_'
/lib/../lib64/liblapacke.so: undefined reference to `dtpcon_'
/lib/../lib64/liblapacke.so: undefined reference to `chetrf_'
/lib/../lib64/liblapacke.so: undefined reference to `cpotrf_'
/lib/../lib64/liblapacke.so: undefined reference to `sgghrd_'
/lib/../lib64/liblapacke.so: undefined reference to `zgttrs_'
/lib/../lib64/liblapacke.so: undefined reference to `zhetri_'
/lib/../lib64/liblapacke.so: undefined reference to `zlauum_'
/lib/../lib64/liblapacke.so: undefined reference to `zpptrs_'
/lib/../lib64/liblapacke.so: undefined reference to `cunbdb_'
/lib/../lib64/liblapacke.so: undefined reference to `zhptrd_'
/lib/../lib64/liblapacke.so: undefined reference to `sormtr_'
/lib/../lib64/liblapacke.so: undefined reference to `zpocon_'
/lib/../lib64/liblapacke.so: undefined reference to `ztbcon_'
/lib/../lib64/liblapacke.so: undefined reference to `sorghr_'
/lib/../lib64/liblapacke.so: undefined reference to `cgeqrfp_'
/lib/../lib64/liblapacke.so: undefined reference to `dbdsdc_'
/lib/../lib64/liblapacke.so: undefined reference to `sgeqpf_'
/lib/../lib64/liblapacke.so: undefined reference to `stgsen_'
/lib/../lib64/liblapacke.so: undefined reference to `chptrd_'
/lib/../lib64/liblapacke.so: undefined reference to `zgtsvx_'
/lib/../lib64/liblapacke.so: undefined reference to `cspsv_'
/lib/../lib64/liblapacke.so: undefined reference to `sgbsv_'
/lib/../lib64/liblapacke.so: undefined reference to `dpttrs_'
/lib/../lib64/liblapacke.so: undefined reference to `dtptrs_'
/lib/../lib64/liblapacke.so: undefined reference to `slauum_'
/lib/../lib64/liblapacke.so: undefined reference to `dtpttr_'
/lib/../lib64/liblapacke.so: undefined reference to `chpsvx_'
/lib/../lib64/liblapacke.so: undefined reference to `slasrt_'
/lib/../lib64/liblapacke.so: undefined reference to `dstev_'
/lib/../lib64/liblapacke.so: undefined reference to `zgeesx_'
/lib/../lib64/liblapacke.so: undefined reference to `zstein_'
/lib/../lib64/liblapacke.so: undefined reference to `chbtrd_'
/lib/../lib64/liblapacke.so: undefined reference to `spptri_'
/lib/../lib64/liblapacke.so: undefined reference to `zpteqr_'
/lib/../lib64/liblapacke.so: undefined reference to `dormrz_'
/lib/../lib64/liblapacke.so: undefined reference to `zsytri_'
/lib/../lib64/liblapacke.so: undefined reference to `dstebz_'
/lib/../lib64/liblapacke.so: undefined reference to `dsterf_'
/lib/../lib64/liblapacke.so: undefined reference to `clarfx_'
/lib/../lib64/liblapacke.so: undefined reference to `dlamch_'
/lib/../lib64/liblapacke.so: undefined reference to `slarnv_'
/lib/../lib64/liblapacke.so: undefined reference to `ssyconv_'
/lib/../lib64/liblapacke.so: undefined reference to `dsptri_'
/lib/../lib64/liblapacke.so: undefined reference to `chegvx_'
/lib/../lib64/liblapacke.so: undefined reference to `dggsvp_'
/lib/../lib64/liblapacke.so: undefined reference to `sormrz_'
/lib/../lib64/liblapacke.so: undefined reference to `zggrqf_'
/lib/../lib64/liblapacke.so: undefined reference to `spprfs_'
/lib/../lib64/liblapacke.so: undefined reference to `dgbtrf_'
/lib/../lib64/liblapacke.so: undefined reference to `csytri2x_'
/lib/../lib64/liblapacke.so: undefined reference to `sptcon_'
/lib/../lib64/liblapacke.so: undefined reference to `zgebal_'
/lib/../lib64/liblapacke.so: undefined reference to `dgeequb_'
/lib/../lib64/liblapacke.so: undefined reference to `sgeesx_'
/lib/../lib64/liblapacke.so: undefined reference to `dspev_'
/lib/../lib64/liblapacke.so: undefined reference to `sgesv_'
/lib/../lib64/liblapacke.so: undefined reference to `slapmr_'
/lib/../lib64/liblapacke.so: undefined reference to `cungbr_'
/lib/../lib64/liblapacke.so: undefined reference to `sstebz_'
/lib/../lib64/liblapacke.so: undefined reference to `zstedc_'
/lib/../lib64/liblapacke.so: undefined reference to `zsyconv_'
/lib/../lib64/liblapacke.so: undefined reference to `zsyrfs_'
/lib/../lib64/liblapacke.so: undefined reference to `zgbrfs_'
/lib/../lib64/liblapacke.so: undefined reference to `cpttrf_'
/lib/../lib64/liblapacke.so: undefined reference to `ssyevr_'
/lib/../lib64/liblapacke.so: undefined reference to `dtftri_'
/lib/../lib64/liblapacke.so: undefined reference to `strtrs_'
/lib/../lib64/liblapacke.so: undefined reference to `ztgsen_'
/lib/../lib64/liblapacke.so: undefined reference to `dpotrs_'
/lib/../lib64/liblapacke.so: undefined reference to `dpoequ_'
/lib/../lib64/liblapacke.so: undefined reference to `zhpcon_'
/lib/../lib64/liblapacke.so: undefined reference to `ztpttf_'
/lib/../lib64/liblapacke.so: undefined reference to `csteqr_'
/lib/../lib64/liblapacke.so: undefined reference to `cunmhr_'
/lib/../lib64/liblapacke.so: undefined reference to `zhetri2_'
/lib/../lib64/liblapacke.so: undefined reference to `zggsvd_'
/lib/../lib64/liblapacke.so: undefined reference to `sgebak_'
/lib/../lib64/liblapacke.so: undefined reference to `ztftri_'
/lib/../lib64/liblapacke.so: undefined reference to `zhegst_'
/lib/../lib64/liblapacke.so: undefined reference to `cgeqpf_'
/lib/../lib64/liblapacke.so: undefined reference to `zhetrd_'
/lib/../lib64/liblapacke.so: undefined reference to `dtfsm_'
/lib/../lib64/liblapacke.so: undefined reference to `spocon_'
/lib/../lib64/liblapacke.so: undefined reference to `zpotri_'
/lib/../lib64/liblapacke.so: undefined reference to `sgelsd_'
/lib/../lib64/liblapacke.so: undefined reference to `zhbgv_'
/lib/../lib64/liblapacke.so: undefined reference to `sgelsy_'
/lib/../lib64/liblapacke.so: undefined reference to `ztrrfs_'
/lib/../lib64/liblapacke.so: undefined reference to `dtrrfs_'
/lib/../lib64/liblapacke.so: undefined reference to `zgges_'
/lib/../lib64/liblapacke.so: undefined reference to `csyswapr_'
/lib/../lib64/liblapacke.so: undefined reference to `zgesv_'
/lib/../lib64/liblapacke.so: undefined reference to `strttf_'
/lib/../lib64/liblapacke.so: undefined reference to `dpprfs_'
/lib/../lib64/liblapacke.so: undefined reference to `dgtsvx_'
/lib/../lib64/liblapacke.so: undefined reference to `strtri_'
/lib/../lib64/liblapacke.so: undefined reference to `clag2z_'
/lib/../lib64/liblapacke.so: undefined reference to `sposv_'
/lib/../lib64/liblapacke.so: undefined reference to `dbbcsd_'
/lib/../lib64/liblapacke.so: undefined reference to `cheev_'
/lib/../lib64/liblapacke.so: undefined reference to `cgebrd_'
/lib/../lib64/liblapacke.so: undefined reference to `csptrs_'
/lib/../lib64/liblapacke.so: undefined reference to `sgbtrs_'
/lib/../lib64/liblapacke.so: undefined reference to `sormbr_'
/lib/../lib64/liblapacke.so: undefined reference to `clarfg_'
/lib/../lib64/liblapacke.so: undefined reference to `ctfttr_'
/lib/../lib64/liblapacke.so: undefined reference to `zunmbr_'
/lib/../lib64/liblapacke.so: undefined reference to `dlauum_'
/lib/../lib64/liblapacke.so: undefined reference to `dpbtrs_'
/lib/../lib64/liblapacke.so: undefined reference to `zhetrs_'
/lib/../lib64/liblapacke.so: undefined reference to `sstemr_'
/lib/../lib64/liblapacke.so: undefined reference to `ssbgvd_'
/lib/../lib64/liblapacke.so: undefined reference to `cgbequb_'
/lib/../lib64/liblapacke.so: undefined reference to `dgtsv_'
/lib/../lib64/liblapacke.so: undefined reference to `zpbequ_'
/lib/../lib64/liblapacke.so: undefined reference to `dstein_'
/lib/../lib64/liblapacke.so: undefined reference to `zgels_'
/lib/../lib64/liblapacke.so: undefined reference to `sorgqr_'
/lib/../lib64/liblapacke.so: undefined reference to `zsytrs2_'
/lib/../lib64/liblapacke.so: undefined reference to `cgglse_'
/lib/../lib64/liblapacke.so: undefined reference to `dsbgvd_'
/lib/../lib64/liblapacke.so: undefined reference to `dgesvd_'
/lib/../lib64/liblapacke.so: undefined reference to `zhpevd_'
/lib/../lib64/liblapacke.so: undefined reference to `zgerqf_'
/lib/../lib64/liblapacke.so: undefined reference to `slantr_'
/lib/../lib64/liblapacke.so: undefined reference to `dpptrs_'
/lib/../lib64/liblapacke.so: undefined reference to `dptsvx_'
/lib/../lib64/liblapacke.so: undefined reference to `zgeqrf_'
/lib/../lib64/liblapacke.so: undefined reference to `zsptrf_'
/lib/../lib64/liblapacke.so: undefined reference to `zgeqp3_'
/lib/../lib64/liblapacke.so: undefined reference to `dgetrs_'
/lib/../lib64/liblapacke.so: undefined reference to `zhbgst_'
/lib/../lib64/liblapacke.so: undefined reference to `zptrfs_'
/lib/../lib64/liblapacke.so: undefined reference to `dlarft_'
/lib/../lib64/liblapacke.so: undefined reference to `zheswapr_'
/lib/../lib64/liblapacke.so: undefined reference to `zstemr_'
/lib/../lib64/liblapacke.so: undefined reference to `spotri_'
/lib/../lib64/liblapacke.so: undefined reference to `dgbrfs_'
/lib/../lib64/liblapacke.so: undefined reference to `ssytri2_'
/lib/../lib64/liblapacke.so: undefined reference to `dpteqr_'
/lib/../lib64/liblapacke.so: undefined reference to `chpgvx_'
/lib/../lib64/liblapacke.so: undefined reference to `sgtcon_'
/lib/../lib64/liblapacke.so: undefined reference to `sstevr_'
/lib/../lib64/liblapacke.so: undefined reference to `slaset_'
/lib/../lib64/liblapacke.so: undefined reference to `dgetri_'
/lib/../lib64/liblapacke.so: undefined reference to `zungbr_'
/lib/../lib64/liblapacke.so: undefined reference to `dlapmr_'
/lib/../lib64/liblapacke.so: undefined reference to `zhptrf_'
/lib/../lib64/liblapacke.so: undefined reference to `dtrttp_'
/lib/../lib64/liblapacke.so: undefined reference to `ssptri_'
/lib/../lib64/liblapacke.so: undefined reference to `zgbequ_'
/lib/../lib64/liblapacke.so: undefined reference to `ztrsen_'
/lib/../lib64/liblapacke.so: undefined reference to `dlansy_'
/lib/../lib64/liblapacke.so: undefined reference to `sgeequb_'
/lib/../lib64/liblapacke.so: undefined reference to `clarfb_'
/lib/../lib64/liblapacke.so: undefined reference to `cpptrs_'
/lib/../lib64/liblapacke.so: undefined reference to `sormlq_'
/lib/../lib64/liblapacke.so: undefined reference to `spttrs_'
/lib/../lib64/liblapacke.so: undefined reference to `ztfsm_'
/lib/../lib64/liblapacke.so: undefined reference to `dggqrf_'
/lib/../lib64/liblapacke.so: undefined reference to `ztpqrt_'
/lib/../lib64/liblapacke.so: undefined reference to `ztfttr_'
collect2: error: ld returned 1 exit status
configure:5180: $? = 1
configure: failed program was:
| /* confdefs.h */
| #define PACKAGE_NAME "KaStORS"
| #define PACKAGE_TARNAME "kastors"
| #define PACKAGE_VERSION "1.1"
| #define PACKAGE_STRING "KaStORS 1.1"
| #define PACKAGE_BUGREPORT "kastors-user@lists.gforge.inria.fr"
| #define PACKAGE_URL ""
| #define PACKAGE "kastors"
| #define VERSION "1.1"
| #define HAVE_LIBM 1
| #define HAVE_LIBRT 1
| #define STDC_HEADERS 1
| #define HAVE_SYS_TYPES_H 1
| #define HAVE_SYS_STAT_H 1
| #define HAVE_STDLIB_H 1
| #define HAVE_STRING_H 1
| #define HAVE_MEMORY_H 1
| #define HAVE_STRINGS_H 1
| #define HAVE_INTTYPES_H 1
| #define HAVE_STDINT_H 1
| #define HAVE_UNISTD_H 1
| /* end confdefs.h.  */
| 
| /* Override any GCC internal prototype to avoid an error.
|    Use char because int might match the return type of a GCC
|    builtin and then its argument prototype would still apply.  */
| #ifdef __cplusplus
| extern "C"
| #endif
| char LAPACKE_dlacpy_work ();
| int
| main ()
| {
| return LAPACKE_dlacpy_work ();
|   ;
|   return 0;
| }
configure:5189: result: no
configure:5200: WARNING: couldn't find LAPACKE_dlacpy_work in -llapacke. Deactivating compilation of the PLASMA benchmarks.
configure:5273: checking for lapacke
configure:5275: result: lapacke
configure:5475: checking that generated files are newer than configure
configure:5481: result: done
configure:5520: creating ./config.status

## ---------------------- ##
## Running config.status. ##
## ---------------------- ##

This file was extended by KaStORS config.status 1.1, which was
generated by GNU Autoconf 2.69.  Invocation command line was

  CONFIG_FILES    = 
  CONFIG_HEADERS  = 
  CONFIG_LINKS    = 
  CONFIG_COMMANDS = 
  $ ./config.status 

on thing00.ftm.alcf.anl.gov

config.status:812: creating Makefile
config.status:812: creating strassen/Makefile
config.status:812: creating jacobi/Makefile
config.status:812: creating sparselu/Makefile
config.status:812: creating plasma/Makefile
config.status:1015: executing depfiles commands

## ---------------- ##
## Cache variables. ##
## ---------------- ##

ac_cv_build=x86_64-unknown-linux-gnu
ac_cv_c_compiler_gnu=yes
ac_cv_env_CC_set=
ac_cv_env_CC_value=
ac_cv_env_CFLAGS_set=
ac_cv_env_CFLAGS_value=
ac_cv_env_CPPFLAGS_set=
ac_cv_env_CPPFLAGS_value=
ac_cv_env_CPP_set=
ac_cv_env_CPP_value=
ac_cv_env_LDFLAGS_set=
ac_cv_env_LDFLAGS_value=
ac_cv_env_LIBS_set=
ac_cv_env_LIBS_value=
ac_cv_env_build_alias_set=
ac_cv_env_build_alias_value=
ac_cv_env_host_alias_set=
ac_cv_env_host_alias_value=
ac_cv_env_target_alias_set=
ac_cv_env_target_alias_value=
ac_cv_header_inttypes_h=yes
ac_cv_header_lapacke_h=no
ac_cv_header_memory_h=yes
ac_cv_header_stdc=yes
ac_cv_header_stdint_h=yes
ac_cv_header_stdlib_h=yes
ac_cv_header_string_h=yes
ac_cv_header_strings_h=yes
ac_cv_header_sys_stat_h=yes
ac_cv_header_sys_types_h=yes
ac_cv_header_unistd_h=yes
ac_cv_host=x86_64-unknown-linux-gnu
ac_cv_lib_lapacke_LAPACKE_dlacpy_work=no
ac_cv_lib_m_sqrt=yes
ac_cv_lib_rt_clock_gettime=yes
ac_cv_objext=o
ac_cv_path_EGREP='/usr/bin/grep -E'
ac_cv_path_GREP=/usr/bin/grep
ac_cv_path_install='/usr/bin/install -c'
ac_cv_path_mkdir=/usr/bin/mkdir
ac_cv_prog_AWK=gawk
ac_cv_prog_CPP='gcc -E'
ac_cv_prog_ac_ct_CC=gcc
ac_cv_prog_ac_ct_RANLIB=ranlib
ac_cv_prog_c_openmp=-fopenmp
ac_cv_prog_cc_c89=
ac_cv_prog_cc_c99=
ac_cv_prog_cc_g=yes
ac_cv_prog_make_make_set=yes
ac_cv_target=x86_64-unknown-linux-gnu
am_cv_CC_dependencies_compiler_type=gcc3
am_cv_make_support_nested_variables=yes
am_cv_prog_cc_c_o=yes
am_cv_prog_tar_pax=gnutar

## ----------------- ##
## Output variables. ##
## ----------------- ##

ACLOCAL='${SHELL} /home/adcastel/ULT_work/apps/kastors-1.1/build-aux/missing aclocal-1.14'
AMDEPBACKSLASH='\'
AMDEP_FALSE='#'
AMDEP_TRUE=''
AMTAR='$${TAR-tar}'
AM_BACKSLASH='\'
AM_DEFAULT_V='$(AM_DEFAULT_VERBOSITY)'
AM_DEFAULT_VERBOSITY='1'
AM_V='$(V)'
AUTOCONF='${SHELL} /home/adcastel/ULT_work/apps/kastors-1.1/build-aux/missing autoconf'
AUTOHEADER='${SHELL} /home/adcastel/ULT_work/apps/kastors-1.1/build-aux/missing autoheader'
AUTOMAKE='${SHELL} /home/adcastel/ULT_work/apps/kastors-1.1/build-aux/missing automake-1.14'
AWK='gawk'
CC='gcc'
CCDEPMODE='depmode=gcc3'
CFLAGS='-g -O2 -O2 -g'
COMPILE_JACOBI_FALSE='#'
COMPILE_JACOBI_TRUE=''
COMPILE_PLASMA_FALSE=''
COMPILE_PLASMA_TRUE='#'
COMPILE_SPARSELU_FALSE='#'
COMPILE_SPARSELU_TRUE=''
COMPILE_STRASSEN_FALSE='#'
COMPILE_STRASSEN_TRUE=''
CPP='gcc -E'
CPPFLAGS=''
CYGPATH_W='echo'
DEFS='-DPACKAGE_NAME=\"KaStORS\" -DPACKAGE_TARNAME=\"kastors\" -DPACKAGE_VERSION=\"1.1\" -DPACKAGE_STRING=\"KaStORS\ 1.1\" -DPACKAGE_BUGREPORT=\"kastors-user@lists.gforge.inria.fr\" -DPACKAGE_URL=\"\" -DPACKAGE=\"kastors\" -DVERSION=\"1.1\" -DHAVE_LIBM=1 -DHAVE_LIBRT=1 -DSTDC_HEADERS=1 -DHAVE_SYS_TYPES_H=1 -DHAVE_SYS_STAT_H=1 -DHAVE_STDLIB_H=1 -DHAVE_STRING_H=1 -DHAVE_MEMORY_H=1 -DHAVE_STRINGS_H=1 -DHAVE_INTTYPES_H=1 -DHAVE_STDINT_H=1 -DHAVE_UNISTD_H=1'
DEPDIR='.deps'
ECHO_C=''
ECHO_N='-n'
ECHO_T=''
EGREP='/usr/bin/grep -E'
EXEEXT=''
GREP='/usr/bin/grep'
INSTALL_DATA='${INSTALL} -m 644'
INSTALL_PROGRAM='${INSTALL}'
INSTALL_SCRIPT='${INSTALL}'
INSTALL_STRIP_PROGRAM='$(install_sh) -c -s'
I_PLASMA=''
LDFLAGS=''
LD_PLASMA=''
LIBOBJS=''
LIBS='-lrt -lm '
LTLIBOBJS=''
MAKEINFO='${SHELL} /home/adcastel/ULT_work/apps/kastors-1.1/build-aux/missing makeinfo'
MKDIR_P='/usr/bin/mkdir -p'
OBJEXT='o'
OPENMP_CFLAGS='-fopenmp'
PACKAGE='kastors'
PACKAGE_BUGREPORT='kastors-user@lists.gforge.inria.fr'
PACKAGE_NAME='KaStORS'
PACKAGE_STRING='KaStORS 1.1'
PACKAGE_TARNAME='kastors'
PACKAGE_URL=''
PACKAGE_VERSION='1.1'
PATH_SEPARATOR=':'
PLASMA_comLIBS='-llapacke '
RANLIB='ranlib'
SET_MAKE=''
SHELL='/bin/sh'
STRIP=''
VERSION='1.1'
ac_ct_CC='gcc'
am__EXEEXT_FALSE=''
am__EXEEXT_TRUE='#'
am__fastdepCC_FALSE='#'
am__fastdepCC_TRUE=''
am__include='include'
am__isrc=''
am__leading_dot='.'
am__nodep='_no'
am__quote=''
am__tar='tar --format=posix -chf - "$$tardir"'
am__untar='tar -xf -'
bindir='${exec_prefix}/bin'
build='x86_64-unknown-linux-gnu'
build_alias=''
build_cpu='x86_64'
build_os='linux-gnu'
build_vendor='unknown'
datadir='${datarootdir}'
datarootdir='${prefix}/share'
docdir='${datarootdir}/doc/${PACKAGE_TARNAME}'
dvidir='${docdir}'
exec_prefix='${prefix}'
host='x86_64-unknown-linux-gnu'
host_alias=''
host_cpu='x86_64'
host_os='linux-gnu'
host_vendor='unknown'
htmldir='${docdir}'
includedir='${prefix}/include'
infodir='${datarootdir}/info'
install_sh='${SHELL} /home/adcastel/ULT_work/apps/kastors-1.1/build-aux/install-sh'
libdir='${exec_prefix}/lib'
libexecdir='${exec_prefix}/libexec'
localedir='${datarootdir}/locale'
localstatedir='${prefix}/var'
mandir='${datarootdir}/man'
mkdir_p='$(MKDIR_P)'
oldincludedir='/usr/include'
pdfdir='${docdir}'
prefix='/usr/local'
program_transform_name='s,x,x,'
psdir='${docdir}'
sbindir='${exec_prefix}/sbin'
sharedstatedir='${prefix}/com'
sysconfdir='${prefix}/etc'
target='x86_64-unknown-linux-gnu'
target_alias=''
target_cpu='x86_64'
target_os='linux-gnu'
target_vendor='unknown'

## ----------- ##
## confdefs.h. ##
## ----------- ##

/* confdefs.h */
#define PACKAGE_NAME "KaStORS"
#define PACKAGE_TARNAME "kastors"
#define PACKAGE_VERSION "1.1"
#define PACKAGE_STRING "KaStORS 1.1"
#define PACKAGE_BUGREPORT "kastors-user@lists.gforge.inria.fr"
#define PACKAGE_URL ""
#define PACKAGE "kastors"
#define VERSION "1.1"
#define HAVE_LIBM 1
#define HAVE_LIBRT 1
#define STDC_HEADERS 1
#define HAVE_SYS_TYPES_H 1
#define HAVE_SYS_STAT_H 1
#define HAVE_STDLIB_H 1
#define HAVE_STRING_H 1
#define HAVE_MEMORY_H 1
#define HAVE_STRINGS_H 1
#define HAVE_INTTYPES_H 1
#define HAVE_STDINT_H 1
#define HAVE_UNISTD_H 1

configure: exit 0
